#N =          J1         KA         KC         J2          E
    1          0          0          0          1    121.706
    2          1          1          1          1    158.864
    3          2          0          2          1    191.839
    4          2          1          1          1    216.951
    5          2          2          0          1    258.294
    6          3          1          3          1    264.037
    7          3          2          2          1    328.426
    8          4          0          4          1    344.016
    9          4          1          3          1    397.805
   10          3          3          1          1    409.046
   11          4          2          2          1    438.285
   12          5          1          5          1    448.677
   13          4          3          1          1    507.626
   14          5          2          4          1    538.825
   15          6          0          6          1    569.119
   16          4          4          0          1    616.419
   17          5          3          3          1    627.980
   18          6          1          5          1    666.622
   19          7          1          7          1    709.265
   20          6          2          4          1    727.448
   21          0          0          0          3    730.236
   22          5          4          2          1    738.189
   23          1          1          1          3    767.394
   24          6          3          3          1    786.751
   25          2          0          2          3    800.369
   26          2          1          1          3    825.481
   27          7          2          6          1    833.748
   28          2          2          0          3    866.824
   29          8          0          8          1    867.487
   30          3          1          3          3    872.567
   31          5          5          1          1    879.438
   32          6          4          2          1    886.107
   33          3          2          2          3    936.956
   34          7          3          5          1    942.650
   35          4          0          4          3    952.546
   36          4          1          3          3   1006.335
   37          8          1          7          1   1008.666
   38          3          3          1          3   1017.576
   39          6          5          1          1   1025.506
   40          9          1          9          1   1044.434
   41          4          2          2          3   1046.815
   42          7          4          4          1   1056.984
   43          5          1          5          3   1057.207
   44          8          2          6          1   1112.118
   45          4          3          1          3   1116.156
   46          5          2          4          3   1147.355
   47          6          0          6          3   1177.649
   48          8          3          5          1   1180.881
   49          7          5          3          1   1196.630
   50          6          6          0          1   1198.237
   51          9          2          8          1   1207.254
   52          4          4          0          3   1224.949
   53          5          3          3          3   1236.510
   54         10          0         10          1   1239.865
   55          8          4          4          1   1263.617
   56          6          1          5          3   1275.152
   57          7          1          7          3   1317.795
   58          6          2          4          3   1335.978
   59          9          3          7          1   1346.657
   60          5          4          2          3   1346.719
   61          7          6          2          1   1368.473
   62          8          5          3          1   1393.952
   63          6          3          3          3   1395.281
   64         10          1          9          1   1421.965
   65          7          2          6          3   1442.278
   66         11          1         11          1   1453.872
   67          9          4          6          1   1474.985
   68          8          0          8          3   1476.017
   69          5          5          1          3   1487.968
   70          6          4          2          3   1494.637
   71          7          3          5          3   1551.180
   72          8          6          2          1   1563.801
   73          7          7          1          1   1572.798
   74         10          2          8          1   1573.135
   75          9          5          5          1   1615.291
   76          8          1          7          3   1617.196
   77          6          5          1          3   1634.036
   78          9          1          9          3   1652.964
   79         11          2         10          1   1656.171
   80          7          4          4          3   1665.514
   81         10          3          7          1   1679.251
   82         12          0         12          1   1686.422
   83          8          2          6          3   1720.648
   84         10          4          6          1   1759.189
   85          8          7          1          1   1767.239
   86          9          6          4          1   1784.425
   87          8          3          5          3   1789.411
   88          7          5          3          3   1805.160
   89          6          6          0          3   1806.767
   90          9          2          8          3   1815.784
   91          0          0          0          5   1825.590
   92         11          3          9          1   1832.576
   93         10          0         10          3   1848.395
   94          1          1          1          5   1862.748
   95         10          5          5          1   1869.757
   96          8          4          4          3   1872.147
   97          2          0          2          5   1895.723
   98         12          1         11          1   1908.485
   99          2          1          1          5   1920.835
  100         13          1         13          1   1937.530
  101          9          3          7          3   1955.187
  102          2          2          0          5   1962.178
  103          3          1          3          5   1967.921
  104          7          6          2          3   1977.003
  105          9          7          3          1   1986.680
  106         11          4          8          1   1986.799
  107          8          5          3          3   2002.482
  108          8          8          0          1   2003.121
  109         10          1          9          3   2030.495
  110         10          6          4          1   2031.240
  111          3          2          2          5   2032.310
  112          4          0          4          5   2047.900
  113         11          1         11          3   2062.402
  114          9          4          6          3   2083.515
  115          4          1          3          5   2101.689
  116         12          2         10          1   2103.073
  117          3          3          1          5   2112.930
  118         11          5          7          1   2135.736
  119          4          2          2          5   2142.169
  120          5          1          5          5   2152.561
  121          8          6          2          3   2172.331
  122         13          2         12          1   2179.489
  123          7          7          1          3   2181.328
  124         10          2          8          3   2181.665
  125         14          0         14          1   2207.190
  126          4          3          1          5   2211.510
  127          9          8          2          1   2221.773
  128          9          5          5          3   2223.821
  129         10          7          3          1   2231.398
  130          5          2          4          5   2242.709
  131         12          3          9          1   2260.243
  132         11          2         10          3   2264.701
  133          6          0          6          5   2273.003
  134         10          3          7          3   2287.781
  135         12          0         12          3   2294.952
  136         11          6          6          1   2302.890
  137          4          4          0          5   2320.303
  138          5          3          3          5   2331.864
  139         10          4          6          3   2367.719
  140         12          4          8          1   2367.934
  141          6          1          5          5   2370.506
  142          8          7          1          3   2375.769
  143          9          6          4          3   2392.955
  144         13          3         11          1   2395.321
  145          7          1          7          5   2413.149
  146          6          2          4          5   2431.332
  147         11          3          9          3   2441.106
  148          5          4          2          5   2442.073
  149         12          5          7          1   2463.997
  150         10          8          2          1   2465.379
  151         14          1         13          1   2468.966
  152         10          5          5          3   2478.287
  153          9          9          1          1   2489.206
  154          6          3          3          5   2490.635
  155         15          1         15          1   2495.405
  156         11          7          5          1   2501.606
  157         12          1         11          3   2517.015
  158          7          2          6          5   2537.632
  159         13          1         13          3   2546.060
  160          8          0          8          5   2571.371
  161          5          5          1          5   2583.322
  162         13          4         10          1   2584.389
  163          6          4          2          5   2589.991
  164          9          7          3          3   2595.210
  165         11          4          8          3   2595.329
  166         12          6          6          1   2605.571
  167          8          8          0          3   2611.651
  168         10          6          4          3   2639.770
  169          7          3          5          5   2646.534
  170         14          2         12          1   2704.495
  171         12          2         10          3   2711.603
  172          8          1          7          5   2712.550
  173          6          5          1          5   2729.390
  174         10          9          1          1   2732.075
  175         11          8          4          1   2734.152
  176         11          5          7          3   2744.266
  177          9          1          9          5   2748.318
  178         13          5          9          1   2753.992
  179          7          4          4          5   2760.868
  180         15          2         14          1   2777.008
  181         13          2         12          3   2788.019
  182         12          7          5          1   2797.999
  183         16          0         16          1   2802.174
  184         14          0         14          3   2815.720
  185          8          2          6          5   2816.002
  186          9          8          2          3   2830.303
  187         10          7          3          3   2839.928
  188         12          3          9          3   2868.773
  189          8          3          5          5   2884.765
  190          7          5          3          5   2900.514
  191          6          6          0          5   2902.121
  192         14          3         11          1   2909.128
  193          9          2          8          5   2911.138
  194         11          6          6          3   2911.420
  195         13          6          8          1   2925.008
  196         10          0         10          5   2943.749
  197          8          4          4          5   2967.501
  198         12          4          8          3   2976.464
  199         11          9          3          1   2999.860
  200         13          3         11          3   3003.851
  201         12          8          4          1   3028.350
  202         10         10          0          1   3031.053
  203         15          3         13          1   3032.773
  204          9          3          7          5   3050.541
  205         14          4         10          1   3068.187
  206          7          6          2          5   3072.357
  207         12          5          7          3   3072.527
  208         10          8          2          3   3073.909
  209         14          1         13          3   3077.496
  210          9          9          1          3   3097.736
  211          8          5          3          5   3097.836
  212         16          1         15          1   3103.585
  213         15          1         15          3   3103.935
  214         11          7          5          3   3110.136
  215         13          7          7          1   3119.810
  216         10          1          9          5   3125.849
  217         17          1         17          1   3127.498
  218         11          1         11          5   3157.756
  219          9          4          6          5   3178.869
  220         14          5          9          1   3178.974
  221         13          4         10          3   3192.919
  222         12          6          6          3   3214.101
  223         15          4         12          1   3260.923
  224          8          6          2          5   3267.685
  225          7          7          1          5   3276.682
  226         10          2          8          5   3277.019
  227         12          9          3          1   3292.749
  228         14          6          8          1   3296.993
  229         11         10          2          1   3298.142
  230         14          2         12          3   3313.025
  231          9          5          5          5   3319.175
  232         10          9          1          3   3340.605
  233         11          8          4          3   3342.682
  234         13          8          6          1   3348.195
  235         11          2         10          5   3360.055
  236         13          5          9          3   3362.522
  237         16          2         14          1   3379.275
  238         10          3          7          5   3383.135
  239         15          2         14          3   3385.538
  240         12          0         12          5   3390.306
  241         12          7          5          3   3406.529
  242          0          0          0          7   3407.768
  243         16          0         16          3   3410.704
  244          1          1          1          7   3444.926
  245         17          2         16          1   3448.712
  246         15          5         11          1   3462.219
  247         10          4          6          5   3463.073
  248          8          7          1          5   3471.123
  249         14          7          7          1   3471.156
  250         18          0         18          1   3471.377
  251          2          0          2          7   3477.901
  252          9          6          4          5   3488.309
  253          2          1          1          7   3503.013
  254         14          3         11          3   3517.658
  255         13          6          8          3   3533.538
  256         11          3          9          5   3536.460
  257          2          2          0          7   3544.356
  258          3          1          3          7   3550.099
  259         10          5          5          5   3573.641
  260         12         10          2          1   3590.120
  261         11          9          3          3   3608.390
  262         13          9          5          1   3610.944
  263         12          1         11          5   3612.369
  264          3          2          2          7   3614.488
  265         16          3         13          1   3626.721
  266         11         11          1          1   3628.661
  267          4          0          4          7   3630.078
  268         12          8          4          3   3636.880
  269         10         10          0          3   3639.583
  270         15          3         13          3   3641.303
  271         13          1         13          5   3641.414
  272         15          6         10          1   3648.333
  273         14          4         10          3   3676.717
  274          4          1          3          7   3683.867
  275          9          7          3          5   3690.564
  276         11          4          8          5   3690.683
  277         14          8          6          1   3694.231
  278          3          3          1          7   3695.108
  279          8          8          0          5   3707.005
  280         16          1         15          3   3712.115
  281          4          2          2          7   3724.347
  282         13          7          7          3   3728.340
  283          5          1          5          7   3734.739
  284         10          6          4          5   3735.124
  285         17          1         17          3   3736.028
  286         17          3         15          1   3744.391
  287         14          5          9          3   3787.504
  288          4          3          1          7   3793.688
  289         12          2         10          5   3806.957
  290         18          1         17          1   3812.386
  291          5          2          4          7   3824.887
  292         19          1         19          1   3833.811
  293         16          4         12          1   3838.346
  294         11          5          7          5   3839.620
  295         15          7          9          1   3842.982
  296          6          0          6          7   3855.181
  297         15          4         12          3   3869.453
  298         13          2         12          5   3883.373
  299         12          9          3          3   3901.279
  300          4          4          0          7   3902.481
  301         14          6          8          3   3905.523
  302         11         10          2          3   3906.672
  303         13         10          4          1   3907.148
  304         14          0         14          5   3911.074
  305          5          3          3          7   3914.042
  306         12         11          1          1   3919.973
  307          9          8          2          5   3925.657
  308         10          7          3          5   3935.282
  309          6          1          5          7   3952.684
  310         14          9          5          1   3954.690
  311         13          8          6          3   3956.725
  312         12          3          9          5   3964.127
  313         16          2         14          3   3987.805
  314          7          1          7          7   3995.327
  315         16          5         11          1   3996.012
  316         11          6          6          5   4006.774
  317         17          4         14          1   4012.798
  318          6          2          4          7   4013.510
  319          5          4          2          7   4024.251
  320         17          2         16          3   4057.242
  321         15          8          8          1   4066.088
  322         15          5         11          3   4070.749
  323         12          4          8          5   4071.818
  324          6          3          3          7   4072.813
  325         14          7          7          3   4079.686
  326         18          0         18          3   4079.907
  327         13          3         11          5   4099.205
  328         16          6         10          1   4113.844
  329          7          2          6          7   4119.810
  330         18          2         16          1   4127.981
  331          8          0          8          7   4153.549
  332          5          5          1          7   4165.500
  333         12          5          7          5   4167.881
  334         10          8          2          5   4169.263
  335          6          4          2          7   4172.169
  336         14          1         13          5   4172.850
  337          9          9          1          5   4193.090
  338         19          2         18          1   4194.611
  339         12         10          2          3   4198.650
  340         15          1         15          5   4199.289
  341         11          7          5          5   4205.490
  342         20          0         20          1   4214.799
  343         13          9          5          3   4219.474
  344          7          3          5          7   4228.712
  345         16          3         13          3   4235.251
  346         13         11          3          1   4236.151
  347         11         11          1          3   4237.191
  348         14         10          4          1   4249.407
  349         17          5         13          1   4252.249
  350         15          6         10          3   4256.863
  351         16          7          9          1   4259.443
  352         12         12          0          1   4282.031
  353         13          4         10          5   4288.273
  354          8          1          7          7   4294.728
  355         14          8          6          3   4302.761
  356         12          6          6          5   4309.455
  357          6          5          1          7   4311.568
  358         15          9          7          1   4324.207
  359          9          1          9          7   4330.496
  360          7          4          4          7   4343.046
  361         17          3         15          3   4352.921
  362          8          2          6          7   4398.180
  363         14          2         12          5   4408.379
  364         18          3         15          1   4416.419
  365         18          1         17          3   4420.916
  366         10          9          1          5   4435.959
  367         11          8          4          5   4438.036
  368         19          1         19          3   4442.341
  369         16          4         12          3   4446.876
  370         15          7          9          3   4451.512
  371         13          5          9          5   4457.876
  372         17          6         12          1   4465.899
  373         16          8          8          1   4466.477
  374          8          3          5          7   4466.943
  375         15          2         14          5   4480.892
  376          7          5          3          7   4482.692
  377          6          6          0          7   4484.299
  378          9          2          8          7   4493.316
  379         12          7          5          5   4501.883
  380         16          0         16          5   4506.058
  381         13         10          4          3   4515.678
  382         10          0         10          7   4525.927
  383         12         11          1          3   4528.503
  384         19          3         17          1   4530.113
  385          8          4          4          7   4549.679
  386         14          9          5          3   4563.220
  387         14         11          3          1   4577.339
  388         20          1         19          1   4595.386
  389         13         12          2          1   4597.568
  390         16          5         11          3   4604.542
  391         14          3         11          5   4613.012
  392         21          1         21          1   4614.343
  393         15         10          6          1   4617.094
  394         17          4         14          3   4621.328
  395         13          6          8          5   4628.892
  396          9          3          7          7   4632.719
  397          7          6          2          7   4654.535
  398         17          7         11          1   4670.086
  399         18          4         14          1   4673.966
  400         15          8          8          3   4674.618
  401          8          5          3          7   4680.014
  402         11          9          3          5   4703.744
  403         10          1          9          7   4708.027
  404         16          9          7          1   4719.937
  405         16          6         10          3   4722.374
  406         12          8          4          5   4732.234
  407         10         10          0          5   4734.937
  408         18          2         16          3   4736.511
  409         15          3         13          5   4736.657
  410         11          1         11          7   4739.934
  411          9          4          6          7   4761.047
  412         14          4         10          5   4772.071
  413         19          2         18          3   4803.141
  414         16          1         15          5   4807.469
  415         20          0         20          3   4823.329
  416         13          7          7          5   4823.694
  417         17          1         17          5   4831.382
  418         19          4         16          1   4838.844
  419         13         11          3          3   4844.681
  420          8          6          2          7   4849.863
  421         14         10          4          3   4857.937
  422          7          7          1          7   4858.860
  423         10          2          8          7   4859.197
  424         17          5         13          3   4860.779
  425         16          7          9          3   4867.973
  426         14          5          9          5   4882.858
  427         18          5         13          1   4888.869
  428         17          8         10          1   4889.847
  429         12         12          0          3   4890.561
  430          9          5          5          7   4901.353
  431         15          9          7          3   4932.737
  432         14         12          2          1   4937.951
  433         11          2         10          7   4942.233
  434         15         11          5          1   4943.696
  435         20          2         18          1   4950.770
  436         15          4         12          5   4964.807
  437         10          3          7          7   4965.313
  438         12          0         12          7   4972.484
  439         13         13          1          1   4991.162
  440         12          9          3          5   4996.633
  441         14          6          8          5   5000.877
  442         11         10          2          5   5002.026
  443         16         10          6          1   5010.436
  444         21          2         20          1   5014.712
  445         18          3         15          3   5024.949
  446         22          0         22          1   5032.442
  447         18          6         12          1   5043.791
  448         10          4          6          7   5045.251
  449         13          8          6          5   5052.079
  450          8          7          1          7   5053.301
  451          9          6          4          7   5070.487
  452         17          6         12          3   5074.429
  453         16          8          8          3   5075.007
  454         16          2         14          5   5083.159
  455         11          3          9          7   5118.638
  456         19          5         15          1   5118.770
  457         19          3         17          3   5138.643
  458         17          9          9          1   5141.758
  459         17          2         16          5   5152.596
  460         10          5          5          7   5155.819
  461         15          5         11          5   5166.103
  462         18          7         11          1   5174.471
  463         14          7          7          5   5175.040
  464         18          0         18          5   5175.261
  465         14         11          3          3   5185.869
  466         12          1         11          7   5194.547
  467         20          1         19          3   5203.916
  468         13         12          2          3   5206.098
  469         21          1         21          3   5222.873
  470         13          1         13          7   5223.592
  471         15         10          6          3   5225.624
  472          9          7          3          7   5272.742
  473         11          4          8          7   5272.861
  474         17          7         11          3   5278.616
  475         20          3         17          1   5279.580
  476         18          4         14          3   5282.496
  477          8          8          0          7   5289.183
  478         12         10          2          5   5294.004
  479         15         12          4          1   5303.313
  480         13          9          5          5   5314.828
  481         10          6          4          7   5317.302
  482         16          9          7          3   5328.467
  483         16          3         13          5   5330.605
  484         14         13          1          1   5330.925
  485         11         11          1          5   5332.545
  486         16         11          5          1   5335.395
  487         18          8         10          1   5351.991
  488         15          6         10          5   5352.217
  489         19          6         14          1   5368.802
  490         12          2         10          7   5389.135
  491         21          3         19          1   5389.965
  492         14          8          6          5   5398.115
  493         11          5          7          7   5421.798
  494         17         10          8          1   5429.654
  495         19          4         16          3   5447.374
  496         17          3         15          5   5448.275
  497         22          1         21          1   5452.591
  498         13          2         12          7   5465.551
  499         23          1         23          1   5469.096
  500          0          0          0          9   5476.770
  501         14          0         14          7   5493.252
  502         18          5         13          3   5497.399
  503         17          8         10          3   5498.377
  504          9          8          2          7   5507.835
  505          1          1          1          9   5513.928
  506         18          1         17          5   5516.270
  507         10          7          3          7   5517.460
  508         19          1         19          5   5537.695
  509         16          4         12          5   5542.230
  510         12          3          9          7   5546.305
  511         14         12          2          3   5546.481
  512         15          7          9          5   5546.866
  513          2          0          2          9   5546.903
  514         15         11          5          3   5552.226
  515         20          2         18          3   5559.300
  516          2          1          1          9   5572.015
  517         20          4         16          1   5579.509
  518         11          6          6          7   5588.952
  519         18          9          9          1   5591.464
  520         19          7         13          1   5595.513
  521         13         13          1          3   5599.692
  522         13         10          4          5   5611.032
  523          2          2          0          9   5613.358
  524         16         10          6          3   5618.966
  525          3          1          3          9   5619.101
  526         21          2         20          3   5623.242
  527         12         11          1          5   5623.857
  528         22          0         22          3   5640.972
  529         18          6         12          3   5652.321
  530         12          4          8          7   5653.996
  531         14          9          5          5   5658.574
  532         13          3         11          7   5681.383
  533          3          2          2          9   5683.490
  534         16         12          4          1   5693.794
  535         15         13          3          1   5695.519
  536          4          0          4          9   5699.080
  537         16          5         11          5   5699.896
  538         17          4         14          5   5716.682
  539         19          5         15          3   5727.300
  540         21          4         18          1   5738.862
  541         12          5          7          7   5750.059
  542         17          9          9          3   5750.288
  543         10          8          2          7   5751.441
  544         17         11          7          1   5752.627
  545          4          1          3          9   5752.869
  546         14          1         13          7   5755.028
  547         14         14          0          1   5756.055
  548          3          3          1          9   5764.110
  549         15          8          8          5   5769.972
  550          9          9          1          7   5775.268
  551         15          1         15          7   5781.467
  552         18          7         11          3   5783.001
  553         11          7          5          7   5787.668
  554          4          2          2          9   5793.349
  555          5          1          5          9   5803.741
  556         16          6         10          5   5817.728
  557         19          8         12          1   5819.604
  558         18          2         16          5   5831.865
  559         20          5         15          1   5844.913
  560         22          2         20          1   5847.698
  561          4          3          1          9   5862.690
  562         13          4         10          7   5870.451
  563         18         10          8          1   5875.112
  564         20          3         17          3   5888.110
  565         12          6          6          7   5891.633
  566          5          2          4          9   5893.889
  567         19          2         18          5   5898.495
  568         23          2         22          1   5909.022
  569         15         12          4          3   5911.843
  570         20          0         20          5   5918.683
  571          6          0          6          9   5924.183
  572         24          0         24          1   5924.306
  573         14         13          1          3   5939.455
  574         13         11          3          5   5940.035
  575         16         11          5          3   5943.925
  576         14         10          4          5   5953.291
  577         17          5         13          5   5956.133
  578         18          8         10          3   5960.521
  579         16          7          9          5   5963.327
  580          4          4          0          9   5971.483
  581         19          6         14          3   5977.332
  582          5          3          3          9   5983.044
  583         12         12          0          5   5985.915
  584         14          2         12          7   5990.557
  585         21          3         19          3   5998.495
  586         10          9          1          7   6018.137
  587         11          8          4          7   6020.214
  588          6          1          5          9   6021.686
  589         15          9          7          5   6028.091
  590         17         10          8          3   6038.184
  591         13          5          9          7   6040.054
  592         20          6         14          1   6059.031
  593         21          5         17          1   6059.614
  594         22          1         21          3   6061.121
  595         15          2         14          7   6063.070
  596          7          1          7          9   6064.329
  597         19          9         11          1   6065.772
  598         23          1         23          3   6077.626
  599          6          2          4          9   6082.512
  600         12          7          5          7   6084.061
  601         16         13          3          1   6085.064
  602         16          0         16          7   6088.236
  603          5          4          2          9   6093.253
  604         17         12          6          1   6109.548
  605         15         14          2          1   6120.044
  606         18          3         15          5   6120.303
  607          6          3          3          9   6141.815
  608         17          6         12          5   6169.783
  609         16          8          8          5   6170.361
  610         20          4         16          3   6188.039
  611          7          2          6          9   6188.812
  612         14          3         11          7   6195.190
  613         18         11          7          1   6195.604
  614         18          9          9          3   6199.994
  615         19          7         13          3   6204.043
  616         13          6          8          7   6211.070
  617         20          7         13          1   6212.519
  618         22          3         19          1   6216.617
  619          8          0          8          9   6222.551
  620         19          3         17          5   6233.997
  621          5          5          1          9   6234.502
  622          6          4          2          9   6241.171
  623         14         11          3          5   6281.223
  624         11          9          3          7   6285.922
  625          7          3          5          9   6297.714
  626         20          1         19          5   6299.270
  627         13         12          2          5   6301.452
  628         16         12          4          3   6302.324
  629         15         13          3          3   6304.049
  630         12          8          4          7   6314.412
  631         10         10          0          7   6317.115
  632         21          1         21          5   6318.227
  633         15          3         13          7   6318.835
  634         15         10          6          5   6320.978
  635         23          3         21          1   6323.973
  636         19         10         10          1   6346.844
  637         21          4         18          3   6347.392
  638         21          6         16          1   6350.021
  639         14          4         10          7   6354.249
  640         17         11          7          3   6361.157
  641         20          8         12          1   6362.884
  642          8          1          7          9   6363.730
  643         14         14          0          3   6364.585
  644         17          7         11          5   6373.970
  645         18          4         14          5   6377.850
  646          6          5          1          9   6380.570
  647         24          1         23          1   6384.006
  648         16          1         15          7   6389.647
  649         25          1         25          1   6398.070
  650          9          1          9          9   6399.498
  651         13          7          7          7   6405.872
  652          7          4          4          9   6412.048
  653         17          1         17          7   6413.560
  654         16          9          7          5   6423.821
  655         19          8         12          3   6428.134
  656         20          5         15          3   6453.443
  657         22          2         20          3   6456.228
  658         14          5          9          7   6465.036
  659          8          2          6          9   6467.182
  660         18         10          8          3   6483.642
  661         17         13          5          1   6499.688
  662         16         14          2          1   6508.853
  663         23          2         22          3   6517.552
  664         24          0         24          3   6532.836
  665          8          3          5          9   6535.945
  666         19          4         16          5   6542.728
  667         15          4         12          7   6546.985
  668         18         12          6          1   6550.743
  669          7          5          3          9   6551.694
  670          6          6          0          9   6553.301
  671         22          4         18          1   6557.639
  672          9          2          8          9   6562.318
  673         20          9         11          1   6574.785
  674         15         15          1          1   6576.709
  675         12          9          3          7   6578.811
  676         14          6          8          7   6583.055
  677         11         10          2          7   6584.204
  678         18          5         13          5   6592.753
  679         17          8         10          5   6593.731
  680         10          0         10          9   6594.929
  681         21          7         15          1   6610.317
  682          8          4          4          9   6618.681
  683         13          8          6          7   6634.257
  684         14         12          2          5   6641.835
  685         15         11          5          5   6647.580
  686         20          2         18          5   6654.654
  687         19         11          9          1   6664.542
  688         16          2         14          7   6665.337
  689         20          6         14          3   6667.561
  690         21          5         17          3   6668.144
  691         19          9         11          3   6674.302
  692         16         13          3          3   6693.594
  693         13         13          1          5   6695.046
  694          9          3          7          9   6701.721
  695         23          4         20          1   6712.890
  696         16         10          6          5   6714.320
  697         17         12          6          3   6718.078
  698         21          2         20          5   6718.596
  699          7          6          2          9   6723.537
  700         15         14          2          3   6728.574
  701         17          2         16          7   6734.774
  702         22          0         22          5   6736.326
  703         18          6         12          5   6747.675
  704         15          5         11          7   6748.281
  705          8          5          3          9   6749.016
  706         14          7          7          7   6757.218
  707         18          0         18          7   6757.439
  708         10          1          9          9   6777.029
  709         18         11          7          3   6804.134
  710         11          1         11          9   6808.936
  711         24          2         22          1   6818.792
  712         20          7         13          3   6821.049
  713         19          5         15          5   6822.654
  714         22          3         19          3   6825.147
  715          9          4          6          9   6830.049
  716         17          9          9          5   6845.642
  717         20         10         10          1   6846.056
  718         21          8         14          1   6851.341
  719         22          5         17          1   6867.641
  720         12         10          2          7   6876.182
  721         25          2         24          1   6877.544
  722         18          7         11          5   6878.355
  723         26          0         26          1   6890.390
  724         13          9          5          7   6897.006
  725         16          3         13          7   6912.783
  726         11         11          1          7   6914.723
  727          8          6          2          9   6918.865
  728         17         14          4          1   6922.589
  729          7          7          1          9   6927.862
  730         10          2          8          9   6928.199
  731         23          3         21          3   6932.503
  732         15          6         10          7   6934.395
  733         18         13          5          1   6939.529
  734         19         10         10          3   6955.374
  735         21          6         16          3   6958.551
  736         16         15          1          1   6964.926
  737          9          5          5          9   6970.355
  738         20          8         12          3   6971.414
  739         14          8          6          7   6980.293
  740         20          3         17          5   6983.464
  741         24          1         23          3   6992.536
  742         25          1         25          3   7006.600
  743         15         12          4          5   7007.197
  744         11          2         10          9   7011.235
  745         19         12          8          1   7017.560
  746         17          3         15          7   7030.453
  747         10          3          7          9   7034.315
  748         14         13          1          5   7034.809
  749         16         11          5          5   7039.279
  750         12          0         12          9   7041.486
  751         18          8         10          5   7055.875
  752         19          6         14          5   7072.686
  753         23          5         19          1   7074.275
  754         21          3         19          5   7093.849
  755         21          9         13          1   7097.257
  756         18          1         17          7   7098.448
  757         17         13          5          3   7108.218
  758         10          4          6          9   7114.253
  759         16         14          2          3   7117.383
  760         19          1         19          7   7119.873
  761          8          7          1          9   7122.303
  762         16          4         12          7   7124.408
  763         15          7          9          7   7129.044
  764         17         10          8          5   7133.538
  765         22          6         16          1   7138.049
  766          9          6          4          9   7139.489
  767         22          1         21          5   7156.475
  768         18         12          6          3   7159.273
  769         20         11          9          1   7159.755
  770         22          4         18          3   7166.169
  771         23          1         23          5   7172.980
  772         20          9         11          3   7183.315
  773         15         15          1          3   7185.239
  774         11          3          9          9   7187.640
  775         13         10          4          7   7193.210
  776         12         11          1          7   7206.035
  777         21          7         15          3   7218.847
  778         10          5          5          9   7224.821
  779         24          3         21          1   7227.675
  780         14          9          5          7   7240.752
  781         12          1         11          9   7263.549
  782         19         11          9          3   7273.072
  783         16          5         11          7   7282.074
  784         20          4         16          5   7283.393
  785         13          1         13          9   7292.594
  786         18          9          9          5   7295.348
  787         17          4         14          7   7298.860
  788         19          7         13          5   7299.397
  789         23          4         20          3   7321.420
  790         25          3         23          1   7332.156
  791          9          7          3          9   7341.744
  792         11          4          8          9   7341.863
  793         22          7         15          1   7347.793
  794         15          8          8          7   7352.150
  795          8          8          0          9   7358.185
  796         18         14          4          1   7361.370
  797         21         10         12          1   7370.886
  798         17         15          3          1   7377.951
  799         10          6          4          9   7386.304
  800         26          1         25          1   7389.635
  801         16         12          4          5   7397.678
  802         15         13          3          5   7399.403
  803         16          6         10          7   7399.906
  804         27          1         27          1   7401.265
  805         19         13          7          1   7404.736
  806         23          6         18          1   7406.019
  807         18          2         16          7   7414.043
  808         24          2         22          3   7427.322
  809         21          4         18          5   7442.746
  810         16         16          0          1   7453.124
  811         20         10         10          3   7454.586
  812         17         11          7          5   7456.511
  813         12          2         10          9   7458.137
  814         21          8         14          3   7459.871
  815         14         14          0          5   7459.939
  816         22          5         17          3   7476.171
  817         19          2         18          7   7480.673
  818         25          2         24          3   7486.074
  819         11          5          7          9   7490.800
  820         26          0         26          3   7498.920
  821         20          0         20          7   7500.861
  822         22          8         14          1   7503.886
  823         20         12          8          1   7510.202
  824         13         11          3          7   7522.213
  825         19          8         12          5   7523.488
  826         17         14          4          3   7531.119
  827         13          2         12          9   7534.553
  828         14         10          4          7   7535.469
  829         17          5         13          7   7538.311
  830         16          7          9          7   7545.505
  831         18         13          5          3   7548.059
  832         20          5         15          5   7548.797
  833         22          2         20          5   7551.582
  834         14          0         14          9   7562.254
  835         12         12          0          7   7568.093
  836         16         15          1          3   7573.456
  837          9          8          2          9   7576.837
  838         18         10          8          5   7578.996
  839         10          7          3          9   7586.462
  840         24          4         20          1   7609.272
  841         15          9          7          7   7610.269
  842         23          2         22          5   7612.906
  843         12          3          9          9   7615.307
  844         19         12          8          3   7626.090
  845         24          0         24          5   7628.190
  846         11          6          6          9   7657.954
  847         22          9         13          1   7680.764
  848         21         11         11          1   7681.362
  849         23          5         19          3   7682.805
  850         18          3         15          7   7702.481
  851         21          9         13          3   7705.787
  852         23          7         17          1   7706.024
  853         12          4          8          9   7722.998
  854         22          6         16          3   7746.579
  855         13          3         11          9   7750.385
  856         17          6         12          7   7751.961
  857         16          8          8          7   7752.539
  858         25          4         22          1   7760.984
  859         20          6         14          5   7762.915
  860         21          5         17          5   7763.498
  861         20         11          9          3   7768.285
  862         19          9         11          5   7769.656
  863         16         13          3          5   7788.948
  864         17         12          6          5   7813.432
  865         18         15          3          1   7815.885
  866         19          3         17          7   7816.175
  867         12          5          7          9   7819.061
  868         10          8          2          9   7820.443
  869         15         14          2          5   7823.928
  870         14          1         13          9   7824.030
  871         19         14          6          1   7825.321
  872         24          3         21          3   7836.205
  873          9          9          1          9   7844.270
  874         15          1         15          9   7850.469
  875         11          7          5          9   7856.670
  876         14         11          3          7   7863.401
  877         26          2         24          1   7864.067
  878         17         16          2          1   7865.570
  879         20          1         19          7   7881.448
  880         13         12          2          7   7883.630
  881         20         13          7          1   7895.471
  882         18         11          7          5   7899.488
  883         21          1         21          7   7900.405
  884         15         10          6          7   7903.156
  885         20          7         13          5   7916.403
  886         27          2         26          1   7920.280
  887         22          3         19          5   7920.501
  888         22         10         12          1   7927.724
  889         28          0         28          1   7930.695
  890         13          4         10          9   7939.453
  891         25          3         23          3   7940.686
  892         17          7         11          7   7956.148
  893         22          7         15          3   7956.323
  894         18          4         14          7   7960.028
  895         12          6          6          9   7960.635
  896         24          5         19          1   7961.444
  897         18         14          4          3   7969.900
  898         23          8         16          1   7976.759
  899         21         10         12          3   7979.416
  900         17         15          3          3   7986.481
  901         26          1         25          3   7998.165