#N =          J1         KA         KC         J2          E
    1          1          0          1          1    145.505
    2          1          1          0          1    164.108
    3          2          1          2          1    201.219
    4          2          2          1          1    257.028
    5          3          0          3          1    258.596
    6          3          1          2          1    295.304
    7          3          2          1          1    334.334
    8          4          1          4          1    346.700
    9          3          3          0          1    409.243
   10          4          2          3          1    422.626
   11          5          0          5          1    447.495
   12          4          3          2          1    506.291
   13          5          1          4          1    522.376
   14          6          1          6          1    569.603
   15          5          2          3          1    569.804
   16          4          4          1          1    616.394
   17          5          3          2          1    632.940
   18          6          2          5          1    676.145
   19          7          0          7          1    709.076
   20          5          4          1          1    738.413
   21          1          0          1          3    754.035
   22          1          1          0          3    772.638
   23          6          3          4          1    773.677
   24          2          1          2          3    809.749
   25          7          1          6          1    828.868
   26          2          2          1          3    865.558
   27          3          0          3          3    867.126
   28          8          1          8          1    867.558
   29          5          5          0          1    879.441
   30          6          4          3          1    885.033
   31          3          1          2          3    903.834
   32          7          2          5          1    909.093
   33          3          2          1          3    942.864
   34          4          1          4          3    955.230
   35          7          3          4          1    969.695
   36          8          2          7          1   1010.945
   37          3          3          0          3   1017.773
   38          6          5          2          1   1025.474
   39          4          2          3          3   1031.156
   40          9          0          9          1   1044.408
   41          5          0          5          3   1056.025
   42          7          4          3          1   1060.650
   43          4          3          2          3   1114.821
   44          5          1          4          3   1130.906
   45          8          3          6          1   1133.975
   46          6          1          6          3   1178.133
   47          5          2          3          3   1178.334
   48          7          5          2          1   1196.817
   49          6          6          1          1   1198.237
   50          9          1          8          1   1206.257
   51          4          4          1          3   1224.924
   52         10          1         10          1   1239.874
   53          5          3          2          3   1241.470
   54          8          4          5          1   1253.817
   55          6          2          5          3   1284.675
   56          7          0          7          3   1317.606
   57          9          2          7          1   1333.972
   58          5          4          1          3   1346.943
   59          7          6          1          1   1368.477
   60          6          3          4          3   1382.207
   61          8          5          4          1   1393.180
   62          9          3          6          1   1418.290
   63         10          2          9          1   1422.381
   64          7          1          6          3   1437.398
   65         11          0         11          1   1453.868
   66          8          1          8          3   1476.088
   67          5          5          0          3   1487.971
   68          6          4          3          3   1493.563
   69          9          4          5          1   1496.405
   70          7          2          5          3   1517.623
   71          8          6          3          1   1563.772
   72          7          7          0          1   1572.798
   73          7          3          4          3   1578.225
   74         10          3          8          1   1579.774
   75          9          5          4          1   1617.814
   76          8          2          7          3   1619.475
   77          6          5          2          3   1634.004
   78          9          0          9          3   1652.938
   79         11          1         10          1   1656.003
   80          7          4          3          3   1669.180
   81         12          1         12          1   1686.424
   82         10          4          7          1   1719.651
   83          8          3          6          3   1742.505
   84          8          7          2          1   1767.238
   85          9          6          3          1   1784.562
   86          7          5          2          3   1805.347
   87          6          6          1          3   1806.767
   88          9          1          8          3   1814.787
   89         11          2          9          1   1829.369
   90         10          1         10          3   1848.404
   91          1          0          1          5   1849.389
   92          8          4          5          3   1862.347
   93         10          5          6          1   1862.922
   94          1          1          0          5   1867.992
   95          2          1          2          5   1905.103
   96         12          2         11          1   1908.550
   97         13          0         13          1   1937.529
   98          9          2          7          3   1942.502
   99         11          3          8          1   1960.766
  100          2          2          1          5   1960.912
  101          3          0          3          5   1962.480
  102          7          6          1          3   1977.007
  103          9          7          2          1   1986.684
  104          3          1          2          5   1999.188
  105          8          5          4          3   2001.710
  106          8          8          1          1   2003.121
  107          9          3          6          3   2026.820
  108         10          6          5          1   2030.719
  109         10          2          9          3   2030.911
  110          3          2          1          5   2038.218
  111         11          4          7          1   2050.542
  112          4          1          4          5   2050.584
  113         11          0         11          3   2062.398
  114         12          3         10          1   2104.534
  115          9          4          5          3   2104.935
  116          3          3          0          5   2113.127
  117          4          2          3          5   2126.510
  118          5          0          5          5   2151.379
  119         11          5          6          1   2151.428
  120          8          6          3          3   2172.302
  121         13          1         12          1   2179.463
  122          7          7          0          3   2181.328
  123         10          3          8          3   2188.304
  124         14          1         14          1   2207.190
  125          4          3          2          5   2210.175
  126          9          8          1          1   2221.773
  127          5          1          4          5   2226.260
  128          9          5          4          3   2226.344
  129         10          7          4          1   2231.377
  130         11          1         10          3   2264.533
  131          6          1          6          5   2273.487
  132          5          2          3          5   2273.688
  133         12          4          9          1   2275.367
  134         12          1         12          3   2294.954
  135         11          6          5          1   2304.549
  136          4          4          1          5   2320.278
  137         10          4          7          3   2328.181
  138          5          3          2          5   2336.824
  139          8          7          2          3   2375.768
  140          6          2          5          5   2380.029
  141          9          6          3          3   2393.092
  142         13          2         11          1   2394.685
  143          7          0          7          5   2412.960
  144         12          5          8          1   2433.070
  145         11          2          9          3   2437.899
  146          5          4          1          5   2442.297
  147         10          8          3          1   2465.378
  148         14          2         13          1   2468.975
  149         10          5          6          3   2471.452
  150          6          3          4          5   2477.561
  151          9          9          0          1   2489.206
  152         15          0         15          1   2495.405
  153         11          7          4          1   2501.699
  154         12          2         11          3   2517.080
  155          7          1          6          5   2532.752
  156         13          0         13          3   2546.059
  157         11          3          8          3   2569.296
  158          8          1          8          5   2571.442
  159         13          3         10          1   2576.368
  160          5          5          0          5   2583.325
  161          6          4          3          5   2588.917
  162          9          7          2          3   2595.214
  163         12          6          7          1   2601.033
  164          8          8          1          3   2611.651
  165          7          2          5          5   2612.977
  166         10          6          5          3   2639.249
  167         11          4          7          3   2659.072
  168          7          3          4          5   2673.579
  169         14          3         12          1   2704.762
  170         13          4          9          1   2708.235
  171         12          3         10          3   2713.064
  172          8          2          7          5   2714.829
  173          6          5          2          5   2729.358
  174         10          9          2          1   2732.075
  175         11          8          3          1   2734.155
  176          9          0          9          5   2748.292
  177         11          5          6          3   2759.958
  178          7          4          3          5   2764.534
  179         15          1         14          1   2777.004
  180         13          1         12          3   2787.993
  181         12          7          6          1   2797.660
  182         16          1         16          1   2802.174
  183         13          5          8          1   2807.161
  184         14          1         14          3   2815.720
  185          9          8          1          3   2830.303
  186          8          3          6          5   2837.859
  187         10          7          4          3   2839.907
  188         12          4          9          3   2883.897
  189          7          5          2          5   2900.701
  190          6          6          1          5   2902.121
  191          9          1          8          5   2910.141
  192         11          6          5          3   2913.079
  193         14          4         11          1   2913.089
  194         13          6          7          1   2935.833
  195         10          1         10          5   2943.758
  196          8          4          5          5   2957.701
  197         11          9          2          1   2999.861
  198         13          2         11          3   3003.215
  199         12          8          5          1   3028.335
  200         10         10          1          1   3031.053
  201         15          2         13          1   3032.663
  202          9          2          7          5   3037.856
  203         12          5          8          3   3041.600
  204          7          6          1          5   3072.361
  205         10          8          3          3   3073.908
  206         14          2         13          3   3077.505
  207          8          5          4          5   3097.064
  208         14          5         10          1   3097.411
  209          9          9          0          3   3097.736
  210         16          2         15          1   3103.586
  211         15          0         15          3   3103.935
  212         11          7          4          3   3110.229
  213         13          7          6          1   3120.868
  214          9          3          6          5   3122.174
  215         10          2          9          5   3126.265
  216         17          0         17          1   3127.498
  217         11          0         11          5   3157.752
  218         13          3         10          3   3184.898
  219          9          4          5          5   3200.289
  220         12          6          7          3   3209.563
  221         15          3         12          1   3259.069
  222          8          6          3          5   3267.656
  223         14          6          9          1   3274.363
  224          7          7          0          5   3276.682
  225         10          3          8          5   3283.658
  226         12          9          4          1   3292.748
  227         11         10          1          1   3298.142
  228         14          3         12          3   3313.292
  229         13          4          9          3   3316.765
  230          9          5          4          5   3321.698
  231         10          9          2          3   3340.605
  232         11          8          3          3   3342.685
  233         13          8          5          1   3348.256
  234         11          1         10          5   3359.887
  235         16          3         14          1   3379.319
  236         15          1         14          3   3385.534
  237         12          1         12          5   3390.308
  238         12          7          6          3   3406.190
  239         16          1         16          3   3410.704
  240         13          5          8          3   3415.691
  241         10          4          7          5   3423.535
  242          1          0          1          7   3431.567
  243         15          4         11          1   3445.246
  244         17          1         16          1   3448.711
  245          1          1          0          7   3450.170
  246         14          7          8          1   3468.244
  247          8          7          2          5   3471.122
  248         18          1         18          1   3471.377
  249          2          1          2          7   3487.281
  250          9          6          3          5   3488.446
  251         14          4         11          3   3521.619
  252         11          2          9          5   3533.253
  253          2          2          1          7   3543.090
  254         13          6          7          3   3544.363
  255          3          0          3          7   3544.658
  256         10          5          6          5   3566.806
  257         15          5         10          1   3576.429
  258          3          1          2          7   3581.366
  259         12         10          3          1   3590.119
  260         11          9          2          3   3608.391
  261         13          9          4          1   3610.947
  262         12          2         11          5   3612.434
  263          3          2          1          7   3620.396
  264         16          4         13          1   3627.553
  265         11         11          0          1   3628.661
  266          4          1          4          7   3632.762
  267         12          8          5          3   3636.865
  268         10         10          1          3   3639.583
  269         15          2         13          3   3641.193
  270         13          0         13          5   3641.413
  271         11          3          8          5   3664.650
  272         15          6          9          1   3689.931
  273          9          7          2          5   3690.568
  274         14          8          7          1   3694.017
  275          3          3          0          7   3695.305
  276         14          5         10          3   3705.941
  277          8          8          1          5   3707.005
  278          4          2          3          7   3708.688
  279         16          2         15          3   3712.116
  280         13          7          6          3   3729.398
  281          5          0          5          7   3733.557
  282         10          6          5          5   3734.603
  283         17          0         17          3   3736.028
  284         17          2         15          1   3744.374
  285         11          4          7          5   3754.426
  286          4          3          2          7   3792.353
  287         12          3         10          5   3808.418
  288          5          1          4          7   3808.438
  289         18          2         17          1   3812.386
  290         19          0         19          1   3833.811
  291         16          5         12          1   3847.426
  292         15          7          8          1   3850.125
  293         11          5          6          5   3855.312
  294          6          1          6          7   3855.665
  295          5          2          3          7   3855.866
  296         15          3         12          3   3867.599
  297         14          6          9          3   3882.893
  298         13          1         12          5   3883.347
  299         12          9          4          3   3901.278
  300          4          4          1          7   3902.456
  301         11         10          1          3   3906.672
  302         13         10          3          1   3907.148
  303         14          1         14          5   3911.074
  304          5          3          2          7   3919.002
  305         12         11          2          1   3919.973
  306          9          8          1          5   3925.657
  307         10          7          4          5   3935.261
  308         14          9          6          1   3954.679
  309         13          8          5          3   3956.786
  310          6          2          5          7   3962.207
  311         12          4          9          5   3979.251
  312         16          3         14          3   3987.849
  313          7          0          7          7   3995.138
  314         11          6          5          5   4008.433
  315         17          3         14          1   4012.436
  316          5          4          1          7   4024.475
  317         16          6         11          1   4045.896
  318         15          4         11          3   4053.776
  319         17          1         16          3   4057.241
  320          6          3          4          7   4059.739
  321         15          8          7          1   4066.748
  322         14          7          8          3   4076.774
  323         18          1         18          3   4079.907
  324         13          2         11          5   4098.569
  325          7          1          6          7   4114.930
  326         18          3         16          1   4127.988
  327         12          5          8          5   4136.954
  328          8          1          8          7   4153.620
  329          5          5          0          7   4165.503
  330         10          8          3          5   4169.262
  331          6          4          3          7   4171.095
  332         14          2         13          5   4172.859
  333         15          5         10          3   4184.959
  334          9          9          0          5   4193.090
  335         19          1         18          1   4194.611
  336          7          2          5          7   4195.155
  337         12         10          3          3   4198.649
  338         15          0         15          5   4199.289
  339         11          7          4          5   4205.583
  340         20          1         20          1   4214.799
  341         13          9          4          3   4219.477
  342         16          4         13          3   4236.083
  343         13         11          2          1   4236.151
  344         11         11          0          3   4237.191
  345         16          7         10          1   4243.781
  346         17          4         13          1   4247.694
  347         14         10          5          1   4249.407
  348          7          3          4          7   4255.757
  349         13          3         10          5   4280.252
  350         12         12          1          1   4282.031
  351          8          2          7          7   4297.007
  352         15          6          9          3   4298.461
  353         14          8          7          3   4302.547
  354         12          6          7          5   4304.917
  355          6          5          2          7   4311.536
  356         15          9          6          1   4324.246
  357          9          0          9          7   4330.470
  358          7          4          3          7   4346.712
  359         17          2         15          3   4352.904
  360         14          3         12          5   4408.646
  361         13          4          9          5   4412.119
  362         18          4         15          1   4416.572
  363          8          3          6          7   4420.037
  364         18          2         17          3   4420.916
  365         17          5         12          1   4434.297
  366         10          9          2          5   4435.959
  367         11          8          3          5   4438.039
  368         19          0         19          3   4442.341
  369         16          5         12          3   4455.956
  370         15          7          8          3   4458.655
  371         16          8          9          1   4464.653
  372         15          1         14          5   4480.888
  373          7          5          2          7   4482.879
  374          6          6          1          7   4484.299
  375          9          1          8          7   4492.319
  376         12          7          6          5   4501.544
  377         16          1         16          5   4506.058
  378         13          5          8          5   4511.045
  379         13         10          3          3   4515.678
  380         10          1         10          7   4525.936
  381         12         11          2          3   4528.503
  382         19          2         17          1   4530.111
  383          8          4          5          7   4539.879
  384         14          9          6          3   4563.209
  385         17          6         11          1   4566.279
  386         14         11          4          1   4577.339
  387         20          2         19          1   4595.386
  388         13         12          1          1   4597.568
  389         21          0         21          1   4614.343
  390         14          4         11          5   4616.973
  391         15         10          5          1   4617.096
  392          9          2          7          7   4620.034
  393         17          3         14          3   4620.966
  394         13          6          7          5   4639.717
  395         16          6         11          3   4654.426
  396          7          6          1          7   4654.539
  397         15          8          7          3   4675.278
  398         18          5         14          1   4676.141
  399          8          5          4          7   4679.242
  400         17          7         10          1   4700.716
  401         11          9          2          5   4703.745
  402          9          3          6          7   4704.352
  403         10          2          9          7   4708.443
  404         16          9          8          1   4719.804
  405         12          8          5          5   4732.219
  406         10         10          1          5   4734.937
  407         18          3         16          3   4736.518
  408         15          2         13          5   4736.547
  409         11          0         11          7   4739.930
  410          9          4          5          7   4782.467
  411         14          5         10          5   4801.295
  412         19          1         18          3   4803.141
  413         16          2         15          5   4807.470
  414         20          1         20          3   4823.329
  415         13          7          6          5   4824.752
  416         17          0         17          5   4831.382
  417         19          3         16          1   4838.780
  418         13         11          2          3   4844.681
  419          8          6          3          7   4849.834
  420         16          7         10          3   4852.311
  421         17          4         13          3   4856.224
  422         14         10          5          3   4857.937
  423          7          7          0          7   4858.860
  424         10          3          8          7   4865.836
  425         12         12          1          3   4890.561
  426         17          8          9          1   4894.413
  427          9          5          4          7   4903.876
  428         18          6         13          1   4907.202
  429         15          9          6          3   4932.776
  430         14         12          3          1   4937.951
  431         11          1         10          7   4942.065
  432         15         11          4          1   4943.696
  433         20          3         18          1   4950.771
  434         15          3         12          5   4962.953
  435         12          1         12          7   4972.486
  436         14          6          9          5   4978.247
  437         13         13          0          1   4991.162
  438         12          9          4          5   4996.632
  439         11         10          1          5   5002.026
  440         10          4          7          7   5005.713
  441         16         10          7          1   5010.430
  442         21          1         20          1   5014.712
  443         18          4         15          3   5025.102
  444         22          1         22          1   5032.442
  445         17          5         12          3   5042.827
  446         13          8          5          5   5052.140
  447          8          7          2          7   5053.300
  448          9          6          3          7   5070.624
  449         16          8          9          3   5073.183
  450         16          3         14          5   5083.203
  451         11          2          9          7   5115.431
  452         19          4         15          1   5117.770
  453         18          7         12          1   5121.030
  454         19          2         17          3   5138.641
  455         17          9          8          1   5142.162
  456         10          5          6          7   5148.984
  457         15          4         11          5   5149.130
  458         17          1         16          5   5152.595
  459         14          7          8          5   5172.128
  460         17          6         11          3   5174.809
  461         18          1         18          5   5175.261
  462         14         11          4          3   5185.869
  463         12          2         11          7   5194.612
  464         20          2         19          3   5203.916
  465         13         12          1          3   5206.098
  466         21          0         21          3   5222.873
  467         13          0         13          7   5223.591
  468         15         10          5          3   5225.626
  469         11          3          8          7   5246.828
  470          9          7          2          7   5272.746
  471         20          4         17          1   5279.606
  472         15          5         10          5   5280.313
  473         18          5         14          3   5284.671
  474          8          8          1          7   5289.183
  475         12         10          3          5   5294.003
  476         15         12          3          1   5303.313
  477         17          7         10          3   5309.246
  478         13          9          4          5   5314.831
  479         10          6          5          7   5316.781
  480         16          9          8          3   5328.334
  481         14         13          2          1   5330.925
  482         16          4         13          5   5331.437
  483         11         11          0          5   5332.545
  484         16         11          6          1   5335.395
  485         11          4          7          7   5336.604
  486         18          8         11          1   5341.611
  487         19          5         14          1   5358.935
  488         21          2         19          1   5389.965
  489         12          3         10          7   5390.596
  490         15          6          9          5   5393.815
  491         14          8          7          5   5397.901
  492         17         10          7          1   5429.678
  493         11          5          6          7   5437.490
  494         19          3         16          3   5447.310
  495         17          2         15          5   5448.258
  496         22          2         21          1   5452.591
  497         13          1         12          7   5465.525
  498         23          0         23          1   5469.096
  499         14          1         14          7   5493.252
  500          1          0          1          9   5500.569
  501         17          8          9          3   5502.943
  502          9          8          1          7   5507.835
  503         18          6         13          3   5515.732
  504         18          2         17          5   5516.270
  505         10          7          4          7   5517.439
  506          1          1          0          9   5519.172
  507         19          0         19          5   5537.695
  508         19          6         13          1   5542.544
  509         14         12          3          3   5546.481
  510         16          5         12          5   5551.310
  511         15         11          4          3   5552.226
  512         15          7          8          5   5554.009
  513          2          1          2          9   5556.283
  514         20          3         18          3   5559.301
  515         12          4          9          7   5561.429
  516         20          5         16          1   5579.954
  517         18          9         10          1   5590.343
  518         11          6          5          7   5590.611
  519         13         13          0          3   5599.692
  520         13         10          3          5   5611.032
  521          2          2          1          9   5612.092
  522          3          0          3          9   5613.660
  523         16         10          7          3   5618.960
  524         21          1         20          3   5623.242
  525         12         11          2          5   5623.857
  526         22          1         22          3   5640.972
  527          3          1          2          9   5650.368
  528         14          9          6          5   5658.563
  529         19          7         12          1   5679.386
  530         13          2         11          7   5680.747
  531          3          2          1          9   5689.398
  532         16         12          5          1   5693.794
  533         15         13          2          1   5695.519
  534          4          1          4          9   5701.764
  535         17          3         14          5   5716.320
  536         12          5          8          7   5719.132
  537         19          4         15          3   5726.300
  538         18          7         12          3   5729.560
  539         21          3         18          1   5738.852
  540         16          6         11          5   5749.780
  541         17          9          8          3   5750.692
  542         10          8          3          7   5751.440
  543         17         11          6          1   5752.628
  544         14          2         13          7   5755.037
  545         14         14          1          1   5756.055
  546          3          3          0          9   5764.307
  547         15          8          7          5   5770.632
  548          9          9          0          7   5775.268
  549          4          2          3          9   5777.690
  550         15          0         15          7   5781.467
  551         11          7          4          7   5787.761
  552          5          0          5          9   5802.559
  553         18          3         16          5   5831.872
  554         19          8         11          1   5840.987
  555         22          3         20          1   5847.698
  556         20          6         15          1   5849.920
  557          4          3          2          9   5861.355
  558         13          3         10          7   5862.430
  559         18         10          9          1   5875.031
  560          5          1          4          9   5877.440
  561         12          6          7          7   5887.095
  562         20          4         17          3   5888.136
  563         19          1         18          5   5898.495
  564         23          1         22          1   5909.022
  565         15         12          3          3   5911.843
  566         20          1         20          5   5918.683
  567         24          1         24          1   5924.306
  568          6          1          6          9   5924.667
  569          5          2          3          9   5924.868
  570         14         13          2          3   5939.455
  571         13         11          2          5   5940.035
  572         16         11          6          3   5943.925
  573         16          7         10          5   5947.665
  574         18          8         11          3   5950.141
  575         17          4         13          5   5951.578
  576         14         10          5          5   5953.291
  577         19          5         14          3   5967.465
  578          4          4          1          9   5971.458
  579         12         12          1          5   5985.915
  580          5          3          2          9   5988.004
  581         14          3         12          7   5990.824
  582         13          4          9          7   5994.297
  583         21          2         19          3   5998.495
  584         10          9          2          7   6018.137
  585         11          8          3          7   6020.217
  586         15          9          6          5   6028.130
  587          6          2          5          9   6031.209
  588         17         10          7          3   6038.208
  589         21          4         17          1   6059.421
  590         22          2         21          3   6061.121
  591         15          1         14          7   6063.066
  592          7          0          7          9   6064.140
  593         19          9         10          1   6068.623
  594         23          0         23          3   6077.626
  595         12          7          6          7   6083.722
  596         16         13          4          1   6085.064
  597         16          1         16          7   6088.236
  598         20          7         14          1   6092.330
  599         13          5          8          7   6093.223
  600          5          4          1          9   6093.477
  601         17         12          5          1   6109.548
  602         15         14          1          1   6120.044
  603         18          4         15          5   6120.456
  604          6          3          4          9   6128.741
  605         17          5         12          5   6138.181
  606         19          6         13          3   6151.074
  607         16          8          9          5   6168.537
  608          7          1          6          9   6183.932
  609         20          5         16          3   6188.484
  610         18         11          8          1   6195.600
  611         18          9         10          3   6198.873
  612         14          4         11          7   6199.151
  613         22          4         19          1   6216.621
  614         13          6          7          7   6221.895
  615          8          1          8          9   6222.622
  616         19          2         17          5   6233.995
  617          5          5          0          9   6234.505
  618          6          4          3          9   6240.097
  619          7          2          5          9   6264.157
  620         17          6         11          5   6270.163
  621         14         11          4          5   6281.223
  622         11          9          2          7   6285.923
  623         19          7         12          3   6287.916
  624         20          2         19          5   6299.270
  625         13         12          1          5   6301.452
  626         16         12          5          3   6302.324
  627         15         13          2          3   6304.049
  628         12          8          5          7   6314.397
  629         10         10          1          7   6317.115
  630         21          0         21          5   6318.227
  631         15          2         13          7   6318.725
  632         15         10          5          5   6320.980
  633         20          8         13          1   6323.168
  634         23          2         21          1   6323.973
  635          7          3          4          9   6324.759
  636         19         10          9          1   6347.088
  637         21          3         18          3   6347.382
  638         21          5         16          1   6347.593
  639         17         11          6          3   6361.158
  640         14         14          1          3   6364.585
  641          8          2          7          9   6366.009
  642         18          5         14          5   6380.025
  643          6          5          2          9   6380.538
  644         14          5         10          7   6383.473
  645         24          2         23          1   6384.006
  646         16          2         15          7   6389.648
  647         25          0         25          1   6398.070
  648          9          0          9          9   6399.472
  649         17          7         10          5   6404.600
  650         13          7          6          7   6406.930
  651         17          0         17          7   6413.560
  652          7          4          3          9   6415.714
  653         16          9          8          5   6423.688
  654         19          8         11          3   6449.517
  655         22          3         20          3   6456.228
  656         20          6         15          3   6458.450
  657         18         10          9          3   6483.561
  658          8          3          6          9   6489.039
  659         17         13          4          1   6499.688
  660         16         14          3          1   6508.853
  661         23          1         22          3   6517.552
  662         24          1         24          3   6532.836
  663         19          3         16          5   6542.664
  664         15          3         12          7   6545.131
  665         18         12          7          1   6550.743
  666          7          5          2          9   6551.881
  667          6          6          1          9   6553.301
  668         22          5         18          1   6557.721
  669         14          6          9          7   6560.425
  670          9          1          8          9   6561.321
  671         20          9         12          1   6568.124
  672         15         15          0          1   6576.709
  673         12          9          4          7   6578.810
  674         11         10          1          7   6584.204
  675         21          6         15          1   6591.035
  676         10          1         10          9   6594.938
  677         17          8          9          5   6598.297
  678          8          4          5          9   6608.881
  679         18          6         13          5   6611.086
  680         13          8          5          7   6634.318
  681         14         12          3          5   6641.835
  682         15         11          4          5   6647.580
  683         20          3         18          5   6654.655
  684         19         11          8          1   6664.557
  685         16          3         14          7   6665.381
  686         21          4         17          3   6667.951
  687         19          9         10          3   6677.153
  688          9          2          7          9   6689.036
  689         16         13          4          3   6693.594
  690         13         13          0          5   6695.046
  691         20          7         14          3   6700.860
  692         23          3         20          1   6712.889
  693         16         10          7          5   6714.314
  694         17         12          5          3   6718.078
  695         21          1         20          5   6718.596
  696          7          6          1          9   6723.541
  697         15         14          1          3   6728.574
  698         15          4         11          7   6731.308
  699         17          1         16          7   6734.773
  700         22          1         22          5   6736.326
  701          8          5          4          9   6748.244
  702         14          7          8          7   6754.306
  703         18          1         18          7   6757.439
  704         21          7         14          1   6770.019
  705          9          3          6          9   6773.354
  706         10          2          9          9   6777.445
  707         18         11          8          3   6804.130
  708         11          0         11          9   6808.932
  709         24          3         22          1   6818.792
  710         19          4         15          5   6821.654
  711         18          7         12          5   6824.914
  712         22          4         19          3   6825.151
  713         20         10         11          1   6845.376
  714         17          9          8          5   6846.046
  715          9          4          5          9   6851.469
  716         15          5         10          7   6862.491
  717         22          6         17          1   6868.778
  718         12         10          3          7   6876.181
  719         25          1         24          1   6877.544
  720         26          1         26          1   6890.390
  721         13          9          4          7   6897.009
  722         16          4         13          7   6913.615
  723         11         11          0          7   6914.723
  724         21          8         13          1   6917.800
  725          8          6          3          9   6918.836
  726         17         14          3          1   6922.589
  727          7          7          0          9   6927.862
  728         20          8         13          3   6931.698
  729         23          2         21          3   6932.503
  730         10          3          8          9   6934.838
  731         18         13          6          1   6939.529
  732         19         10          9          3   6955.618
  733         21          5         16          3   6956.123
  734         16         15          2          1   6964.926
  735          9          5          4          9   6972.878
  736         15          6          9          7   6975.993
  737         14          8          7          7   6980.079
  738         20          4         17          5   6983.490
  739         24          2         23          3   6992.536
  740         25          0         25          3   7006.600
  741         15         12          3          5   7007.197
  742         11          1         10          9   7011.067
  743         19         12          7          1   7017.561
  744         17          2         15          7   7030.436
  745         14         13          2          5   7034.809
  746         16         11          6          5   7039.279
  747         12          1         12          9   7041.488
  748         18          8         11          5   7045.495
  749         19          5         14          5   7062.819
  750         23          4         19          1   7074.241
  751         10          4          7          9   7074.715
  752         21          2         19          5   7093.849
  753         18          2         17          7   7098.448
  754         17         13          4          3   7108.218
  755         21          9         12          1   7111.552
  756         16         14          3          3   7117.383
  757         19          0         19          7   7119.873
  758          8          7          2          9   7122.302
  759         16          5         12          7   7133.488
  760         17         10          7          5   7133.562
  761         15          7          8          7   7136.187
  762          9          6          3          9   7139.626
  763         22          7         16          1   7148.471
  764         22          2         21          5   7156.475
  765         18         12          7          3   7159.273
  766         20         11         10          1   7159.706
  767         22          5         18          3   7166.251
  768         23          0         23          5   7172.980
  769         20          9         12          3   7176.654
  770         11          2          9          9   7184.433
  771         15         15          0          3   7185.239
  772         13         10          3          7   7193.210
  773         21          6         15          3   7199.565
  774         12         11          2          7   7206.035
  775         10          5          6          9   7217.986
  776         24          4         21          1   7227.676
  777         14          9          6          7   7240.741
  778         19          6         13          5   7246.428
  779         12          2         11          9   7263.614
  780         19         11          8          3   7273.087
  781         20          5         16          5   7283.838
  782         13          0         13          9   7292.593
  783         18          9         10          5   7294.227
  784         17          3         14          7   7298.498
  785         11          3          8          9   7315.830
  786         23          3         20          3   7321.419
  787         16          6         11          7   7331.958
  788         25          2         23          1   7332.156
  789          9          7          2          9   7341.748
  790         15          8          7          7   7352.810
  791          8          8          1          9   7358.185
  792         18         14          5          1   7361.370
  793         21         10         11          1   7372.635
  794         17         15          2          1   7377.951
  795         21          7         14          3   7378.549
  796         19          7         12          5   7383.270
  797         10          6          5          9   7385.783
  798         26          2         25          1   7389.635
  799         16         12          5          5   7397.678
  800         15         13          2          5   7399.403
  801         27          0         27          1   7401.265
  802         22          8         15          1   7402.954
  803         19         13          6          1   7404.736
  804         23          5         18          1   7405.503
  805         11          4          7          9   7405.606
  806         18          3         16          7   7414.050
  807         24          3         22          3   7427.322
  808         21          3         18          5   7442.736
  809         16         16          1          1   7453.124
  810         20         10         11          3   7453.906
  811         17         11          6          5   7456.512
  812         12          3         10          9   7459.598
  813         14         14          1          5   7459.939
  814         22          6         17          3   7477.308
  815         19          1         18          7   7480.673
  816         25          1         24          3   7486.074
  817         26          1         26          3   7498.920
  818         20          1         20          7   7500.861
  819         11          5          6          9   7506.492
  820         20         12          9          1   7510.200
  821         13         11          2          7   7522.213
  822         21          8         13          3   7526.330
  823         16          7         10          7   7529.843
  824         17         14          3          3   7531.119
  825         17          4         13          7   7533.756
  826         13          1         12          9   7534.527
  827         14         10          5          7   7535.469
  828         19          8         11          5   7544.871
  829         18         13          6          3   7548.059
  830         22          3         20          5   7551.582
  831         20          6         15          5   7553.804
  832         14          1         14          9   7562.254
  833         12         12          1          7   7568.093
  834         16         15          2          3   7573.456
  835          9          8          1          9   7576.837
  836         18         10          9          5   7578.915
  837         10          7          4          9   7586.441
  838         24          5         20          1   7609.286
  839         15          9          6          7   7610.308
  840         23          1         22          5   7612.906
  841         19         12          7          3   7626.091
  842         24          1         24          5   7628.190
  843         12          4          9          9   7630.431
  844         22          9         14          1   7652.735
  845         11          6          5          9   7659.613
  846         21         11         10          1   7681.509
  847         23          4         19          3   7682.771
  848         23          6         17          1   7700.686
  849         18          4         15          7   7702.634
  850         21          9         12          3   7720.082
  851         17          5         12          7   7720.359
  852         13          2         11          9   7749.749
  853         16          8          9          7   7750.715
  854         22          7         16          3   7757.001
  855         25          3         22          1   7760.984
  856         21          4         17          5   7763.305
  857         20         11         10          3   7768.236
  858         19          9         10          5   7772.507
  859         12          5          8          9   7788.134
  860         16         13          4          5   7788.948
  861         20          7         14          5   7796.214
  862         17         12          5          5   7813.432
  863         18         15          4          1   7815.885
  864         19          2         17          7   7816.173
  865         10          8          3          9   7820.442
  866         15         14          1          5   7823.928
  867         14          2         13          9   7824.039
  868         19         14          5          1   7825.321
  869         24          4         21          3   7836.206
  870          9          9          0          9   7844.270
  871         15          0         15          9   7850.469
  872         17          6         11          7   7852.341
  873         11          7          4          9   7856.763
  874         14         11          4          7   7863.401
  875         26          3         24          1   7864.067
  876         17         16          1          1   7865.570
  877         20          2         19          7   7881.448
  878         13         12          1          7   7883.630
  879         20         13          8          1   7895.471
  880         18         11          8          5   7899.484
  881         21          0         21          7   7900.405
  882         15         10          5          7   7903.158
  883         27          1         26          1   7920.280
  884         22          4         19          5   7920.505
  885         22         10         13          1   7923.550
  886         28          1         28          1   7930.695
  887         13          3         10          9   7931.432
  888         25          2         23          3   7940.686
  889         23          7         16          1   7942.337
  890         12          6          7          9   7956.097
  891         24          6         19          1   7961.672
  892         18          5         14          7   7962.203
  893         18         14          5          3   7969.900
  894         21         10         11          3   7981.165
  895         17         15          2          3   7986.481
  896         17          7         10          7   7986.778
  897         26          2         25          3   7998.165