#N =          J1         KA         KC         J2          E
    1          0          0          0          0      0.000
    2          1          1          1          0     37.158
    3          2          0          2          0     70.133
    4          2          1          1          0     95.245
    5          2          2          0          0    136.588
    6          3          1          3          0    142.331
    7          3          2          2          0    206.720
    8          4          0          4          0    222.310
    9          4          1          3          0    276.099
   10          3          3          1          0    287.340
   11          4          2          2          0    316.579
   12          5          1          5          0    326.971
   13          0          0          0          2    365.118
   14          4          3          1          0    385.920
   15          1          1          1          2    402.276
   16          5          2          4          0    417.119
   17          2          0          2          2    435.251
   18          6          0          6          0    447.413
   19          2          1          1          2    460.363
   20          4          4          0          0    494.713
   21          2          2          0          2    501.706
   22          5          3          3          0    506.274
   23          3          1          3          2    507.449
   24          6          1          5          0    544.916
   25          3          2          2          2    571.838
   26          4          0          4          2    587.428
   27          7          1          7          0    587.559
   28          6          2          4          0    605.742
   29          5          4          2          0    616.483
   30          4          1          3          2    641.217
   31          3          3          1          2    652.458
   32          6          3          3          0    665.045
   33          4          2          2          2    681.697
   34          5          1          5          2    692.089
   35          7          2          6          0    712.042
   36          8          0          8          0    745.781
   37          4          3          1          2    751.038
   38          5          5          1          0    757.732
   39          6          4          2          0    764.401
   40          5          2          4          2    782.237
   41          6          0          6          2    812.531
   42          7          3          5          0    820.944
   43          4          4          0          2    859.831
   44          5          3          3          2    871.392
   45          8          1          7          0    886.960
   46          6          5          1          0    903.800
   47          6          1          5          2    910.034
   48          9          1          9          0    922.728
   49          7          4          4          0    935.278
   50          7          1          7          2    952.677
   51          6          2          4          2    970.860
   52          5          4          2          2    981.601
   53          8          2          6          0    990.412
   54          6          3          3          2   1030.163
   55          8          3          5          0   1059.175
   56          7          5          3          0   1074.924
   57          6          6          0          0   1076.531
   58          7          2          6          2   1077.160
   59          9          2          8          0   1085.548
   60          8          0          8          2   1110.899
   61         10          0         10          0   1118.159
   62          5          5          1          2   1122.850
   63          6          4          2          2   1129.519
   64          8          4          4          0   1141.911
   65          7          3          5          2   1186.062
   66          0          0          0          4   1217.060
   67          9          3          7          0   1224.951
   68          7          6          2          0   1246.767
   69          8          1          7          2   1252.078
   70          1          1          1          4   1254.218
   71          6          5          1          2   1268.918
   72          8          5          3          0   1272.246
   73          2          0          2          4   1287.193
   74          9          1          9          2   1287.846
   75         10          1          9          0   1300.259
   76          7          4          4          2   1300.396
   77          2          1          1          4   1312.305
   78         11          1         11          0   1332.166
   79          9          4          6          0   1353.279
   80          2          2          0          4   1353.648
   81          8          2          6          2   1355.530
   82          3          1          3          4   1359.391
   83          3          2          2          4   1423.780
   84          8          3          5          2   1424.293
   85          4          0          4          4   1439.370
   86          7          5          3          2   1440.042
   87          6          6          0          2   1441.649
   88          8          6          2          0   1442.095
   89          9          2          8          2   1450.666
   90          7          7          1          0   1451.092
   91         10          2          8          0   1451.429
   92         10          0         10          2   1483.277
   93          4          1          3          4   1493.159
   94          9          5          5          0   1493.585
   95          3          3          1          4   1504.400
   96          8          4          4          2   1507.029
   97          4          2          2          4   1533.639
   98         11          2         10          0   1534.465
   99          5          1          5          4   1544.031
  100         10          3          7          0   1557.545
  101         12          0         12          0   1564.716
  102          9          3          7          2   1590.069
  103          4          3          1          4   1602.980
  104          7          6          2          2   1611.885
  105          5          2          4          4   1634.179
  106          8          5          3          2   1637.364
  107         10          4          6          0   1637.483
  108          8          7          1          0   1645.533
  109          9          6          4          0   1662.719
  110          6          0          6          4   1664.473
  111         10          1          9          2   1665.377
  112         11          1         11          2   1697.284
  113         11          3          9          0   1710.870
  114          4          4          0          4   1711.773
  115          9          4          6          2   1718.397
  116          5          3          3          4   1723.334
  117         10          5          5          0   1748.051
  118          6          1          5          4   1761.976
  119         12          1         11          0   1786.779
  120          7          1          7          4   1804.619
  121          8          6          2          2   1807.213
  122         13          1         13          0   1815.824
  123          7          7          1          2   1816.210
  124         10          2          8          2   1816.547
  125          6          2          4          4   1822.802
  126          5          4          2          4   1833.543
  127          9          5          5          2   1858.703
  128          9          7          3          0   1864.974
  129         11          4          8          0   1865.093
  130          8          8          0          0   1881.415
  131          6          3          3          4   1882.105
  132         11          2         10          2   1899.583
  133         10          6          4          0   1909.534
  134         10          3          7          2   1922.663
  135          7          2          6          4   1929.102
  136         12          0         12          2   1929.834
  137          8          0          8          4   1962.841
  138          5          5          1          4   1974.792
  139         12          2         10          0   1981.367
  140          6          4          2          4   1981.461
  141         10          4          6          2   2002.601
  142          8          7          1          2   2010.651
  143         11          5          7          0   2014.030
  144          9          6          4          2   2027.837
  145          7          3          5          4   2038.004
  146         13          2         12          0   2057.783
  147         11          3          9          2   2075.988
  148         14          0         14          0   2085.484
  149          9          8          2          0   2100.067
  150          8          1          7          4   2104.020
  151         10          7          3          0   2109.692
  152         10          5          5          2   2113.169
  153          6          5          1          4   2120.860
  154         12          3          9          0   2138.537
  155          9          1          9          4   2139.788
  156         12          1         11          2   2151.897
  157          7          4          4          4   2152.338
  158         13          1         13          2   2180.942
  159         11          6          6          0   2181.184
  160          8          2          6          4   2207.472
  161          9          7          3          2   2230.092
  162         11          4          8          2   2230.211
  163         12          4          8          0   2246.228
  164          8          8          0          2   2246.533
  165         13          3         11          0   2273.615
  166         10          6          4          2   2274.652
  167          8          3          5          4   2276.235
  168          7          5          3          4   2291.984
  169          6          6          0          4   2293.591
  170          9          2          8          4   2302.608
  171         10          0         10          4   2335.219
  172         12          5          7          0   2342.291
  173         10          8          2          0   2343.673
  174         12          2         10          2   2346.485
  175         14          1         13          0   2347.260
  176          8          4          4          4   2358.971
  177          9          9          1          0   2367.500
  178         15          1         15          0   2373.699
  179         11          5          7          2   2379.148
  180         11          7          5          0   2379.900
  181         13          2         12          2   2422.901
  182          9          3          7          4   2442.011
  183         14          0         14          2   2450.602
  184         13          4         10          0   2462.683
  185          7          6          2          4   2463.827
  186          9          8          2          2   2465.185
  187         10          7          3          2   2474.810
  188         12          6          6          0   2483.865
  189          8          5          3          4   2489.306
  190         12          3          9          2   2503.655
  191         10          1          9          4   2517.319
  192         11          6          6          2   2546.302
  193         11          1         11          4   2549.226
  194          0          0          0          6   2555.826
  195          9          4          6          4   2570.339
  196         14          2         12          0   2582.789
  197          1          1          1          6   2592.984
  198         10          9          1          0   2610.369
  199         12          4          8          2   2611.346
  200         11          8          4          0   2612.446
  201          2          0          2          6   2625.959
  202         13          5          9          0   2632.286
  203         13          3         11          2   2638.733
  204          2          1          1          6   2651.071
  205         15          2         14          0   2655.302
  206          8          6          2          4   2659.155
  207          7          7          1          4   2668.152
  208         10          2          8          4   2668.489
  209         12          7          5          0   2676.293
  210         16          0         16          0   2680.468
  211          2          2          0          6   2692.414
  212          3          1          3          6   2698.157
  213         12          5          7          2   2707.409
  214         10          8          2          2   2708.791
  215          9          5          5          4   2710.645
  216         14          1         13          2   2712.378
  217          9          9          1          2   2732.618
  218         15          1         15          2   2738.817
  219         11          7          5          2   2745.018
  220         11          2         10          4   2751.525
  221          3          2          2          6   2762.546
  222         10          3          7          4   2774.605
  223          4          0          4          6   2778.136
  224         12          0         12          4   2781.776
  225         14          3         11          0   2787.422
  226         13          6          8          0   2803.302
  227         13          4         10          2   2827.801
  228          4          1          3          6   2831.925
  229          3          3          1          6   2843.166
  230         12          6          6          2   2848.983
  231         10          4          6          4   2854.543
  232          8          7          1          4   2862.593
  233          4          2          2          6   2872.405
  234         11          9          3          0   2878.154
  235          9          6          4          4   2879.779
  236          5          1          5          6   2882.797
  237         12          8          4          0   2906.644
  238         10         10          0          0   2909.347
  239         15          3         13          0   2911.067
  240         11          3          9          4   2927.930
  241          4          3          1          6   2941.746
  242         14          4         10          0   2946.481
  243         14          2         12          2   2947.907
  244         10          5          5          4   2965.111
  245          5          2          4          6   2972.945
  246         10          9          1          2   2975.487
  247         11          8          4          2   2977.564
  248         16          1         15          0   2981.879
  249         13          5          9          2   2997.404
  250         13          7          7          0   2998.104
  251          6          0          6          6   3003.239
  252         12          1         11          4   3003.839
  253         17          1         17          0   3005.792
  254         15          2         14          2   3020.420
  255         13          1         13          4   3032.884
  256         12          7          5          2   3041.411
  257         16          0         16          2   3045.586
  258          4          4          0          6   3050.539
  259         14          5          9          0   3057.268
  260          5          3          3          6   3062.100
  261          9          7          3          4   3082.034
  262         11          4          8          4   3082.153
  263          8          8          0          4   3098.475
  264          6          1          5          6   3100.742
  265         10          6          4          4   3126.594
  266         15          4         12          0   3139.217
  267          7          1          7          6   3143.385
  268         14          3         11          2   3152.540
  269          6          2          4          6   3161.568
  270         13          6          8          2   3168.420
  271         12          9          3          0   3171.043
  272          5          4          2          6   3172.309
  273         14          6          8          0   3175.287
  274         11         10          2          0   3176.436
  275         12          2         10          4   3198.427
  276          6          3          3          6   3220.871
  277         13          8          6          0   3226.489
  278         11          5          7          4   3231.090
  279         11          9          3          2   3243.272
  280         16          2         14          0   3257.569
  281          7          2          6          6   3267.868
  282         12          8          4          2   3271.762
  283         10         10          0          2   3274.465
  284         13          2         12          4   3274.843
  285         15          3         13          2   3276.185
  286          8          0          8          6   3301.607
  287         14          0         14          4   3302.544
  288         14          4         10          2   3311.599
  289          5          5          1          6   3313.558
  290          9          8          2          4   3317.127
  291          6          4          2          6   3320.227
  292         10          7          3          4   3326.752
  293         17          2         16          0   3327.006
  294         15          5         11          0   3340.513
  295         16          1         15          2   3346.997
  296         14          7          7          0   3349.450
  297         18          0         18          0   3349.671
  298         12          3          9          4   3355.597
  299         13          7          7          2   3363.222
  300         17          1         17          2   3370.910
  301          7          3          5          6   3376.770
  302         11          6          6          4   3398.244
  303         14          5          9          2   3422.386
  304          8          1          7          6   3442.786
  305          6          5          1          6   3459.626
  306         12          4          8          4   3463.288
  307         12         10          2          0   3468.414
  308          9          1          9          6   3478.554
  309         13          9          5          0   3489.238
  310         13          3         11          4   3490.675
  311          7          4          4          6   3491.104
  312         15          4         12          2   3504.335
  313         16          3         13          0   3505.015
  314         11         11          1          0   3506.955
  315         15          6         10          0   3526.627
  316         12          9          3          2   3536.161
  317         14          6          8          2   3540.405
  318         11         10          2          2   3541.554
  319          8          2          6          6   3546.238
  320         12          5          7          4   3559.351
  321         10          8          2          4   3560.733
  322         14          1         13          4   3564.320
  323         14          8          6          0   3572.525
  324          9          9          1          4   3584.560
  325         15          1         15          4   3590.759
  326         13          8          6          2   3591.607
  327         11          7          5          4   3596.960
  328          8          3          5          6   3615.001
  329         17          3         15          0   3622.685
  330         16          2         14          2   3622.687
  331          7          5          3          6   3630.750
  332          6          6          0          6   3632.357
  333          9          2          8          6   3641.374
  334         10          0         10          6   3673.985
  335         13          4         10          4   3679.743
  336         18          1         17          0   3690.680
  337         17          2         16          2   3692.124
  338          8          4          4          6   3697.737
  339         12          6          6          4   3700.925
  340         15          5         11          2   3705.631
  341         19          1         19          0   3712.105
  342         14          7          7          2   3714.568
  343         18          0         18          2   3714.789
  344         16          4         12          0   3716.640
  345         15          7          9          0   3721.276
  346          9          3          7          6   3780.777
  347         13         10          4          0   3785.442
  348         12         11          1          0   3798.267
  349         14          2         12          4   3799.849
  350          7          6          2          6   3802.593
  351         10          9          1          4   3827.429
  352          8          5          3          6   3828.072
  353         11          8          4          4   3829.506
  354         14          9          5          0   3832.984
  355         12         10          2          2   3833.532
  356         13          5          9          4   3849.346
  357         13          9          5          2   3854.356
  358         10          1          9          6   3856.085
  359         16          3         13          2   3870.133
  360         11         11          1          2   3872.073
  361         15          2         14          4   3872.362
  362         16          5         11          0   3874.306
  363         11          1         11          6   3887.992
  364         17          4         14          0   3891.092
  365         15          6         10          2   3891.745
  366         12          7          5          4   3893.353
  367         16          0         16          4   3897.528
  368          9          4          6          6   3909.105
  369         14          8          6          2   3937.643
  370         15          8          8          0   3944.382
  371         17          3         15          2   3987.803
  372         16          6         10          0   3992.138
  373          8          6          2          6   3997.921
  374         14          3         11          4   4004.482
  375         18          2         16          0   4006.275
  376          7          7          1          6   4006.918
  377         10          2          8          6   4007.255
  378         13          6          8          4   4020.362
  379          9          5          5          6   4049.411
  380         18          1         17          2   4055.798
  381         19          2         18          0   4072.905
  382         19          1         19          2   4077.223
  383         16          4         12          2   4081.758
  384         15          7          9          2   4086.394
  385         11          2         10          6   4090.291
  386         20          0         20          0   4093.093
  387         11          9          3          4   4095.214
  388         10          3          7          6   4113.371
  389         13         11          3          0   4114.445
  390         12          0         12          6   4120.542
  391         12          8          4          4   4123.704
  392         10         10          0          4   4126.407
  393         14         10          4          0   4127.701
  394         15          3         13          4   4128.127
  395         17          5         13          0   4130.543
  396         16          7          9          0   4137.737
  397         13         10          4          2   4150.560
  398         12         12          0          0   4160.325
  399         12         11          1          2   4163.385
  400         14          4         10          4   4163.541
  401         10          4          6          6   4193.309
  402         14          9          5          2   4198.102
  403         16          1         15          4   4198.939
  404          8          7          1          6   4201.359
  405         15          9          7          0   4202.501
  406         13          7          7          4   4215.164
  407          9          6          4          6   4218.545
  408         17          1         17          4   4222.852
  409         16          5         11          2   4239.424
  410         17          4         14          2   4256.210
  411         11          3          9          6   4266.696
  412         14          5          9          4   4274.328
  413         18          3         15          0   4294.713
  414         10          5          5          6   4303.877
  415         15          8          8          2   4309.500
  416         12          1         11          6   4342.605
  417         17          6         12          0   4344.193
  418         16          8          8          0   4344.771
  419         15          4         12          4   4356.277
  420         16          6         10          2   4357.256
  421         18          2         16          2   4371.393
  422         13          1         13          6   4371.650
  423          0          0          0          8   4381.416
  424         12          9          3          4   4388.103
  425         14          6          8          4   4392.347
  426         11         10          2          4   4393.496
  427         19          3         17          0   4408.407
  428          1          1          1          8   4418.574
  429          9          7          3          6   4420.800
  430         11          4          8          6   4420.919
  431          8          8          0          6   4437.241
  432         19          2         18          2   4438.023
  433         13          8          6          4   4443.549
  434          2          0          2          8   4451.549
  435         14         11          3          0   4455.633
  436         20          0         20          2   4458.211
  437         10          6          4          6   4465.360
  438         20          1         19          0   4473.680
  439         16          2         14          4   4474.629
  440         13         12          2          0   4475.862
  441          2          1          1          8   4476.661
  442         13         11          3          2   4479.563
  443         21          1         21          0   4492.637
  444         14         10          4          2   4492.819
  445         15         10          6          0   4495.388
  446         17          5         13          2   4495.661
  447         16          7          9          2   4502.855
  448          2          2          0          8   4518.004
  449          3          1          3          8   4523.747
  450         12         12          0          2   4525.443
  451         12          2         10          6   4537.193
  452         17          2         16          4   4544.066
  453         17          7         11          0   4548.380
  454         18          4         14          0   4552.260
  455         15          5         11          4   4557.573
  456         14          7          7          4   4566.510
  457         18          0         18          4   4566.731
  458         15          9          7          2   4567.619
  459         11          5          7          6   4569.856
  460          3          2          2          8   4588.136
  461         16          9          7          0   4598.231
  462          4          0          4          8   4603.726
  463         13          2         12          6   4613.609
  464         14          0         14          6   4641.310
  465          9          8          2          6   4655.893
  466          4          1          3          8   4657.515
  467         18          3         15          2   4659.831
  468         10          7          3          6   4665.518
  469          3          3          1          8   4668.756
  470         12         10          2          4   4685.474
  471         12          3          9          6   4694.363
  472          4          2          2          8   4697.995
  473         13          9          5          4   4706.298
  474          5          1          5          8   4708.387
  475         17          6         12          2   4709.311
  476         16          8          8          2   4709.889
  477         19          4         16          0   4717.138
  478         16          3         13          4   4722.075
  479         11         11          1          4   4724.015
  480         11          6          6          6   4737.010
  481         15          6         10          4   4743.687
  482         18          5         13          0   4767.163
  483          4          3          1          8   4767.336
  484         17          8         10          0   4768.141
  485         19          3         17          2   4773.525
  486         14          8          6          4   4789.585
  487          5          2          4          8   4798.535
  488         12          4          8          6   4802.054
  489         14         12          2          0   4816.245
  490         14         11          3          2   4820.751
  491         15         11          5          0   4821.990
  492          6          0          6          8   4828.829
  493         20          2         18          0   4829.064
  494         13          3         11          6   4829.441
  495         20          1         19          2   4838.798
  496         17          3         15          4   4839.745
  497         13         12          2          2   4840.980
  498         21          1         21          2   4857.755
  499         15         10          6          2   4860.506
  500         13         13          1          0   4869.456
  501          4          4          0          8   4876.129
  502          5          3          3          8   4887.690
  503         16         10          6          0   4888.730
  504         21          2         20          0   4893.006
  505         12          5          7          6   4898.117
  506         10          8          2          6   4899.499
  507         14          1         13          6   4903.086
  508         18          1         17          4   4907.740
  509         22          0         22          0   4910.736
  510         17          7         11          2   4913.498
  511         18          4         14          2   4917.378
  512         18          6         12          0   4922.085
  513          9          9          1          6   4923.326
  514          6          1          5          8   4926.332
  515         19          1         19          4   4929.165
  516         15          1         15          6   4929.525
  517         16          4         12          4   4933.700
  518         11          7          5          6   4935.726
  519         15          7          9          4   4938.336
  520         16          9          7          2   4963.349
  521          7          1          7          8   4968.975
  522          6          2          4          8   4987.158
  523         19          5         15          0   4997.064
  524          5          4          2          8   4997.899
  525         13         10          4          4   5002.502
  526         12         11          1          4   5015.327
  527         13          4         10          6   5018.509
  528         17          9          9          0   5020.052
  529         12          6          6          6   5039.691
  530          6          3          3          8   5046.461
  531         14          9          5          4   5050.044
  532         18          7         11          0   5052.765
  533         19          4         16          2   5082.256
  534         16          5         11          4   5091.366
  535          7          2          6          8   5093.458
  536         17          4         14          4   5108.152
  537          8          0          8          8   5127.197
  538         18          5         13          2   5132.281
  539         17          8         10          2   5133.259
  540         14          2         12          6   5138.615
  541          5          5          1          8   5139.148
  542          6          4          2          8   5145.817
  543         20          3         17          0   5157.874
  544         15          8          8          4   5161.442
  545         10          9          1          6   5166.195
  546         11          8          4          6   5168.272
  547         14         12          2          2   5181.363
  548         15         12          4          0   5181.607
  549         15         11          5          2   5187.108
  550         13          5          9          6   5188.112
  551         20          2         18          2   5194.182
  552          7          3          5          8   5202.360
  553         16          6         10          4   5209.198
  554         14         13          1          0   5209.219
  555         15          2         14          6   5211.128
  556         16         11          5          0   5213.689
  557         18          2         16          4   5223.335
  558         18          8         10          0   5230.285
  559         12          7          5          6   5232.119
  560         13         13          1          2   5234.574
  561         16          0         16          6   5236.294
  562         19          6         14          0   5247.096
  563         16         10          6          2   5253.848
  564         21          2         20          2   5258.124
  565         21          3         19          0   5268.259
  566          8          1          7          8   5268.376
  567         22          0         22          2   5275.854
  568          6          5          1          8   5285.216
  569         18          6         12          2   5287.203
  570         19          2         18          4   5289.965
  571          9          1          9          8   5304.144
  572         17         10          8          0   5307.948
  573         20          0         20          4   5310.153
  574          7          4          4          8   5316.694
  575         22          1         21          0   5330.885
  576         13         11          3          4   5331.505
  577         14          3         11          6   5343.248
  578         14         10          4          4   5344.761
  579         23          1         23          0   5347.390
  580         17          5         13          4   5347.603
  581         16          7          9          4   5354.797
  582         13          6          8          6   5359.128
  583         19          5         15          2   5362.182
  584          8          2          6          8   5371.828
  585         12         12          0          4   5377.385
  586         17          9          9          2   5385.170
  587         18          7         11          2   5417.883
  588         15          9          7          4   5419.561
  589         11          9          3          6   5433.980
  590          8          3          5          8   5440.591
  591          7          5          3          8   5456.340
  592         20          4         16          0   5457.803
  593          6          6          0          8   5457.947
  594         12          8          4          6   5462.470
  595         10         10          0          6   5465.173
  596         15          3         13          6   5466.893
  597          9          2          8          8   5466.964
  598         18          9          9          0   5469.758
  599         19          7         13          0   5473.807
  600         10          0         10          8   5499.575
  601         14          4         10          6   5502.307
  602         18          3         15          4   5511.773
  603         20          3         17          2   5522.992
  604          8          4          4          8   5523.327
  605         16          1         15          6   5537.705
  606         15         12          4          2   5546.725
  607         13          7          7          6   5553.930
  608         17          6         12          4   5561.253
  609         17          1         17          6   5561.618
  610         16          8          8          4   5561.831
  611         16         12          4          0   5572.088
  612         15         13          3          0   5573.813
  613         14         13          1          2   5574.337
  614         16         11          5          2   5578.807
  615         18          8         10          2   5595.403
  616          9          3          7          8   5606.367
  617         19          6         14          2   5612.214
  618         14          5          9          6   5613.094
  619         21          4         18          0   5617.156
  620         19          3         17          4   5625.467
  621          7          6          2          8   5628.183
  622         17         11          7          0   5630.921
  623         21          3         19          2   5633.377
  624         14         14          0          0   5634.349
  625          8          5          3          8   5653.662
  626         14         11          3          4   5672.693
  627         17         10          8          2   5673.066
  628         10          1          9          8   5681.675
  629         20          1         19          4   5690.740
  630         13         12          2          4   5692.922
  631         15          4         12          6   5695.043
  632         22          1         21          2   5696.003
  633         19          8         12          0   5697.898
  634         21          1         21          4   5709.697
  635         15         10          6          4   5712.448
  636         23          1         23          2   5712.508
  637         11          1         11          8   5713.582
  638         20          5         15          0   5723.207
  639         22          2         20          0   5725.992
  640         12          9          3          6   5726.869
  641         14          6          8          6   5731.113
  642         11         10          2          6   5732.262
  643          9          4          6          8   5734.695
  644         18         10          8          0   5753.406
  645         17          7         11          4   5765.440
  646         18          4         14          4   5769.320
  647         13          8          6          6   5782.315
  648         23          2         22          0   5787.316
  649         24          0         24          0   5802.600
  650         16          2         14          6   5813.395
  651         16          9          7          4   5815.291
  652         20          4         16          2   5822.921
  653          8          6          2          8   5823.511
  654          7          7          1          8   5832.508
  655         10          2          8          8   5832.845
  656         18          9          9          2   5834.876
  657         19          7         13          2   5838.925
  658          9          5          5          8   5875.001
  659         17          2         16          6   5882.832
  660         15          5         11          6   5896.339
  661         14          7          7          6   5905.276
  662         18          0         18          6   5905.497
  663         11          2         10          8   5915.881
  664         19          4         16          4   5934.198
  665         16         12          4          2   5937.206
  666         20          6         14          0   5937.325
  667         21          5         17          0   5937.908
  668         15         13          3          2   5938.931
  669         10          3          7          8   5938.961
  670         19          9         11          0   5944.066
  671         12          0         12          8   5946.132
  672         16         13          3          0   5963.358
  673         21          4         18          2   5982.274
  674         18          5         13          4   5984.223
  675         17          8         10          4   5985.201
  676         17         12          6          0   5987.842
  677         17         11          7          2   5996.039
  678         15         14          2          0   5998.338
  679         14         14          0          2   5999.467
  680         10          4          6          8   6018.899
  681         12         10          2          6   6024.240
  682          8          7          1          8   6026.949
  683         14         12          2          4   6033.305
  684         15         11          5          4   6039.050
  685          9          6          4          8   6044.135
  686         13          9          5          6   6045.064
  687         20          2         18          4   6046.124
  688         16          3         13          6   6060.841
  689         11         11          1          6   6062.781
  690         19          8         12          2   6063.016
  691         18         11          7          0   6073.898
  692         15          6         10          6   6082.453
  693         13         13          1          4   6086.516
  694         20          5         15          2   6088.325
  695         20          7         13          0   6090.813
  696         22          2         20          2   6091.110
  697         11          3          9          8   6092.286
  698         22          3         19          0   6094.911
  699         16         10          6          4   6105.790
  700         21          2         20          4   6110.066
  701         18         10          8          2   6118.524
  702         22          0         22          4   6127.796
  703         14          8          6          6   6128.351
  704         10          5          5          8   6129.467
  705         18          6         12          4   6139.145
  706         23          2         22          2   6152.434
  707         24          0         24          2   6167.718
  708         12          1         11          8   6168.195
  709         17          3         15          6   6178.511
  710         13          1         13          8   6197.240
  711         23          3         21          0   6202.267
  712         19          5         15          4   6214.124
  713         19         10         10          0   6225.138
  714         21          6         16          0   6228.315
  715         17          9          9          4   6237.112
  716         20          8         12          0   6241.178
  717          9          7          3          8   6246.390
  718         18          1         17          6   6246.506
  719         11          4          8          8   6246.509
  720         24          1         23          0   6262.300
  721          8          8          0          8   6262.831
  722         19          1         19          6   6267.931
  723         18          7         11          4   6269.825
  724         16          4         12          6   6272.466
  725         25          1         25          0   6276.364
  726         15          7          9          6   6277.102
  727         10          6          4          8   6290.950
  728         20          6         14          2   6302.443
  729         21          5         17          2   6303.026
  730         19          9         11          2   6309.184
  731         16         13          3          2   6328.476
  732         13         10          4          6   6341.268
  733         17         12          6          2   6352.960
  734         12         11          1          6   6354.093
  735         12          2         10          8   6362.783
  736         15         14          2          2   6363.456
  737         20          3         17          4   6374.934
  738         17         13          5          0   6377.982
  739         16         14          2          0   6387.147
  740         14          9          5          6   6388.810
  741         11          5          7          8   6395.446
  742         15         12          4          4   6398.667
  743         14         13          1          4   6426.279
  744         18         12          6          0   6429.037
  745         16          5         11          6   6430.132
  746         16         11          5          4   6430.749
  747         22          4         18          0   6435.933
  748         18         11          7          2   6439.016
  749         13          2         12          8   6439.199
  750         17          4         14          6   6446.918
  751         18          8         10          4   6447.345
  752         20          9         11          0   6453.079
  753         15         15          1          0   6455.003
  754         20          7         13          2   6455.931
  755         22          3         19          2   6460.029
  756         19          6         14          4   6464.156
  757         14          0         14          8   6466.900
  758          9          8          2          8   6481.483
  759         21          3         19          4   6485.319
  760         21          7         15          0   6488.611
  761         10          7          3          8   6491.108
  762         15          8          8          6   6500.208
  763         12          3          9          8   6519.953
  764         17         10          8          4   6525.008
  765         19         11          9          0   6542.836
  766         22          1         21          4   6547.945
  767         16          6         10          6   6547.964
  768         18          2         16          6   6562.101
  769         11          6          6          8   6562.600
  770         23          1         23          4   6564.450
  771         23          3         21          2   6567.385
  772         19         10         10          2   6590.256
  773         23          4         20          0   6591.184
  774         21          6         16          2   6593.433
  775         20          8         12          2   6606.296
  776         24          1         23          2   6627.418
  777         12          4          8          8   6627.644
  778         19          2         18          6   6628.731
  779         25          1         25          2   6641.482
  780         20          0         20          6   6648.919
  781         13          3         11          8   6655.031
  782         13         11          3          6   6670.271
  783         20          4         16          4   6674.863
  784         14         10          4          6   6683.527
  785         17          5         13          6   6686.369
  786         18          9          9          4   6686.818
  787         19          7         13          4   6690.867
  788         16          7          9          6   6693.563
  789          0          0          0         10   6693.830
  790         24          2         22          0   6697.086
  791         12         12          0          6   6716.151
  792         12          5          7          8   6723.707
  793         20         10         10          0   6724.350
  794         10          8          2          8   6725.089
  795         14          1         13          8   6728.676
  796         21          8         14          0   6729.635
  797          1          1          1         10   6730.988
  798         17         13          5          2   6743.100
  799         22          5         17          0   6745.935
  800          9          9          1          8   6748.916
  801         16         14          2          2   6752.265
  802         15          1         15          8   6755.115
  803         25          2         24          0   6755.838
  804         15          9          7          6   6758.327
  805         11          7          5          8   6761.316
  806          2          0          2         10   6763.963
  807         26          0         26          0   6768.684
  808          2          1          1         10   6789.075
  809         16         12          4          4   6789.148
  810         15         13          3          4   6790.873
  811         18         12          6          2   6794.155
  812         17         14          4          0   6800.883
  813         22          4         18          2   6801.051
  814         18         13          5          0   6817.823
  815         20          9         11          2   6818.197
  816         15         15          1          2   6820.121
  817          2          2          0         10   6830.418
  818         21          4         18          4   6834.216
  819          3          1          3         10   6836.161
  820         16         15          1          0   6843.220
  821         13          4         10          8   6844.099
  822         17         11          7          4   6847.981
  823         18          3         15          6   6850.539
  824         14         14          0          4   6851.409
  825         21          7         15          2   6853.729
  826         12          6          6          8   6865.281
  827         19         12          8          0   6895.854
  828         17          6         12          6   6900.019
  829          3          2          2         10   6900.550
  830         16          8          8          6   6900.597
  831         19         11          9          2   6907.954
  832         19          8         12          4   6914.958
  833          4          0          4         10   6916.140
  834         20          5         15          4   6940.267
  835         22          2         20          4   6943.052
  836         23          5         19          0   6952.569
  837         23          4         20          2   6956.302
  838         14          2         12          8   6964.205
  839         19          3         17          6   6964.233
  840          4          1          3         10   6969.929
  841         18         10          8          4   6970.466
  842         21          9         13          0   6975.551
  843          3          3          1         10   6981.170
  844         10          9          1          8   6991.785
  845         11          8          4          8   6993.862
  846         23          2         22          4   7004.376
  847          4          2          2         10   7010.409
  848         14         11          3          6   7011.459
  849         13          5          9          8   7013.702
  850         22          6         16          0   7016.343
  851         24          0         24          4   7019.660
  852          5          1          5         10   7020.801
  853         20          1         19          6   7029.506
  854         13         12          2          6   7031.688
  855         15          2         14          8   7036.718
  856         20         11          9          0   7038.049
  857         21          1         21          6   7048.463
  858         15         10          6          6   7051.214
  859         12          7          5          8   7057.709
  860         16          0         16          8   7061.884
  861         24          2         22          2   7062.204
  862          4          3          1         10   7079.750
  863         20         10         10          2   7089.468
  864         21          8         14          2   7094.753
  865         17          7         11          6   7104.206
  866         24          3         21          0   7105.969
  867         18          4         14          6   7108.086
  868          5          2          4         10   7110.949
  869         22          5         17          2   7111.053
  870         25          2         24          2   7120.956
  871         26          0         26          2   7133.802
  872          6          0          6         10   7141.243
  873         16          9          7          6   7154.057
  874         20          6         14          4   7154.385
  875         21          5         17          4   7154.968
  876         19          9         11          4   7161.126
  877         17         14          4          2   7166.001
  878         14          3         11          8   7168.838
  879         16         13          3          4   7180.418
  880         18         13          5          2   7182.941
  881         13          6          8          8   7184.718
  882          4          4          0         10   7188.543
  883          5          3          3         10   7200.104
  884         17         12          6          4   7204.902
  885         16         15          1          2   7208.338
  886         25          3         23          0   7210.450
  887         15         14          2          4   7215.398
  888         22          7         15          0   7226.087
  889          6          1          5         10   7238.746
  890         18         14          4          0   7239.664
  891         21         10         12          0   7249.180
  892         17         15          3          0   7256.245
  893         11          9          3          8   7259.570
  894         19         12          8          2   7260.972
  895         26          1         25          0   7267.929
  896         19          4         16          6   7272.964
  897         27          1         27          0   7279.559
  898          7          1          7         10   7281.389
  899         19         13          7          0   7283.030
  900         23          6         18          0   7284.313
  901         12          8          4          8   7288.060
  902         10         10          0          8   7290.763
  903         18         11          7          4   7290.958
  904         15          3         13          8   7292.483
  905          6          2          4         10   7299.572
  906         20          7         13          4   7307.873
  907          5          4          2         10   7310.313
  908         22          3         19          4   7311.971
  909         23          5         19          2   7317.687
  910         18          5         13          6   7322.989
  911         17          8         10          6   7323.967
  912         14          4         10          8   7327.897
  913         16         16          0          0   7331.418
  914         21          9         13          2   7340.669
  915          6          3          3         10   7358.875
  916         16          1         15          8   7363.295
  917         14         12          2          6   7372.071
  918         15         11          5          6   7377.816
  919         13          7          7          8   7379.520
  920         22          6         16          2   7381.461
  921         22          8         14          0   7382.180
  922         20          2         18          6   7384.890
  923         17          1         17          8   7387.208
  924         20         12          8          0   7388.496
  925         20         11          9          2   7403.167
  926          7          2          6         10   7405.872
  927         23          3         21          4   7419.327
  928         13         13          1          6   7425.282
  929         14          5          9          8   7438.684
  930          8          0          8         10   7439.611
  931         19         10         10          4   7442.198
  932         16         10          6          6   7444.556
  933         21          6         16          4   7445.375
  934         21          2         20          6   7448.832
  935          5          5          1         10   7451.562
  936          6          4          2         10   7458.231
  937         20          8         12          4   7458.238
  938         22          0         22          6   7466.562
  939         24          3         21          2   7471.087
  940         18          6         12          6   7477.911
  941         24          1         23          4   7479.360
  942         24          4         20          0   7487.566
  943         25          1         25          4   7493.424
  944          7          3          5         10   7514.774
  945         15          4         12          8   7520.633
  946         12          9          3          8   7552.459
  947         19          5         15          6   7552.890
  948         14          6          8          8   7556.703
  949         11         10          2          8   7557.852
  950         22          9         13          0   7559.058
  951         21         11         11          0   7559.656
  952         25          3         23          2   7575.568
  953         17          9          9          6   7575.878
  954          8          1          7         10   7580.790
  955         23          7         17          0   7584.318
  956         22          7         15          2   7591.205
  957         17         13          5          4   7595.042
  958          6          5          1         10   7597.630
  959         16         14          2          4   7604.207
  960         18         14          4          2   7604.782
  961         13          8          6          8   7607.905
  962         18          7         11          6   7608.591
  963         21         10         12          2   7614.298
  964          9          1          9         10   7616.558
  965         17         15          3          2   7621.363
  966          7          4          4         10   7629.108
  967         26          1         25          2   7633.047
  968         16          2         14          8   7638.985
  969         25          4         22          0   7639.278
  970         27          1         27          2   7644.677
  971         18         12          6          4   7646.097
  972         19         13          7          2   7648.148
  973         23          6         18          2   7649.431
  974         22          4         18          4   7652.993
  975         20          9         11          4   7670.139
  976         15         15          1          4   7672.063
  977          8          2          6         10   7684.242
  978         18         15          3          0   7694.179
  979         16         16          0          2   7696.536
  980         19         14          6          0   7703.615
  981         21          7         15          4   7705.671
  982         17          2         16          8   7708.422
  983         20          3         17          6   7713.700
  984         15          5         11          8   7721.929
  985         14          7          7          8   7730.866
  986         18          0         18          8   7731.087
  987         15         12          4          6   7737.433
  988         26          2         24          0   7742.361
  989         17         16          2          0   7743.864
  990         22          8         14          2   7747.298
  991          8          3          5         10   7753.005
  992         20         12          8          2   7753.614
  993         19         11          9          4   7759.896
  994         14         13          1          6   7765.045
  995          7          5          3         10   7768.754
  996         16         11          5          6   7769.515
  997          6          6          0         10   7770.361
  998         20         13          7          0   7773.765
  999          9          2          8         10   7779.378
 1000         18          8         10          6   7786.111
 1001         27          2         26          0   7798.574
 1002         19          6         14          6   7802.922
 1003         22         10         12          0   7806.018
 1004         23          4         20          4   7808.244
 1005         28          0         28          0   7808.989
 1006         10          0         10         10   7811.989
 1007         21          3         19          6   7824.085
 1008          8          4          4         10   7835.741
 1009         24          5         19          0   7839.738
 1010         12         10          2          8   7849.830
 1011         24          4         20          2   7852.684
 1012         23          8         16          0   7855.053
 1013         17         10          8          6   7863.774
 1014         13          9          5          8   7870.654
 1015         16          3         13          8   7886.431
 1016         22          1         21          6   7886.711
 1017         11         11          1          8   7888.371
 1018         23          1         23          6   7903.216
 1019         21         12         10          0   7907.172
 1020         15          6         10          8   7908.043
 1021         24          2         22          4   7914.146
 1022          9          3          7         10   7918.781
 1023         22          9         13          2   7924.176
 1024         21         11         11          2   7924.774
 1025          7          6          2         10   7940.597
 1026         20         10         10          4   7941.410
 1027         21          8         14          4   7946.695
 1028         23          7         17          2   7949.436
 1029         14          8          6          8   7953.941
 1030         22          5         17          4   7962.995
 1031          8          5          3         10   7966.076
 1032         25          2         24          4   7972.898
 1033         26          0         26          4   7985.744
 1034         10          1          9         10   7994.089